This is pdfTeX, Version 3.14159265-2.6-1.40.19 (TeX Live 2018) (preloaded format=pdflatex 2019.4.15)  5 MAR 2020 17:03
entering extended mode
 restricted \write18 enabled.
 %&-line parsing enabled.
**EngleLab-UseR-Guide.tex
(./EngleLab-UseR-Guide.tex
LaTeX2e <2018-12-01>
(/usr/local/texlive/2018/texmf-dist/tex/latex/base/book.cls
Document Class: book 2018/09/03 v1.4i Standard LaTeX document class
(/usr/local/texlive/2018/texmf-dist/tex/latex/base/bk10.clo
File: bk10.clo 2018/09/03 v1.4i Standard LaTeX file (size option)
)
\c@part=\count80
\c@chapter=\count81
\c@section=\count82
\c@subsection=\count83
\c@subsubsection=\count84
\c@paragraph=\count85
\c@subparagraph=\count86
\c@figure=\count87
\c@table=\count88
\abovecaptionskip=\skip41
\belowcaptionskip=\skip42
\bibindent=\dimen102
) (/usr/local/texlive/2018/texmf-dist/tex/latex/lm/lmodern.sty
Package: lmodern 2009/10/30 v1.6 Latin Modern Fonts
LaTeX Font Info:    Overwriting symbol font `operators' in version `normal'
(Font)                  OT1/cmr/m/n --> OT1/lmr/m/n on input line 22.
LaTeX Font Info:    Overwriting symbol font `letters' in version `normal'
(Font)                  OML/cmm/m/it --> OML/lmm/m/it on input line 23.
LaTeX Font Info:    Overwriting symbol font `symbols' in version `normal'
(Font)                  OMS/cmsy/m/n --> OMS/lmsy/m/n on input line 24.
LaTeX Font Info:    Overwriting symbol font `largesymbols' in version `normal'
(Font)                  OMX/cmex/m/n --> OMX/lmex/m/n on input line 25.
LaTeX Font Info:    Overwriting symbol font `operators' in version `bold'
(Font)                  OT1/cmr/bx/n --> OT1/lmr/bx/n on input line 26.
LaTeX Font Info:    Overwriting symbol font `letters' in version `bold'
(Font)                  OML/cmm/b/it --> OML/lmm/b/it on input line 27.
LaTeX Font Info:    Overwriting symbol font `symbols' in version `bold'
(Font)                  OMS/cmsy/b/n --> OMS/lmsy/b/n on input line 28.
LaTeX Font Info:    Overwriting symbol font `largesymbols' in version `bold'
(Font)                  OMX/cmex/m/n --> OMX/lmex/m/n on input line 29.
LaTeX Font Info:    Overwriting math alphabet `\mathbf' in version `normal'
(Font)                  OT1/cmr/bx/n --> OT1/lmr/bx/n on input line 31.
LaTeX Font Info:    Overwriting math alphabet `\mathsf' in version `normal'
(Font)                  OT1/cmss/m/n --> OT1/lmss/m/n on input line 32.
LaTeX Font Info:    Overwriting math alphabet `\mathit' in version `normal'
(Font)                  OT1/cmr/m/it --> OT1/lmr/m/it on input line 33.
LaTeX Font Info:    Overwriting math alphabet `\mathtt' in version `normal'
(Font)                  OT1/cmtt/m/n --> OT1/lmtt/m/n on input line 34.
LaTeX Font Info:    Overwriting math alphabet `\mathbf' in version `bold'
(Font)                  OT1/cmr/bx/n --> OT1/lmr/bx/n on input line 35.
LaTeX Font Info:    Overwriting math alphabet `\mathsf' in version `bold'
(Font)                  OT1/cmss/bx/n --> OT1/lmss/bx/n on input line 36.
LaTeX Font Info:    Overwriting math alphabet `\mathit' in version `bold'
(Font)                  OT1/cmr/bx/it --> OT1/lmr/bx/it on input line 37.
LaTeX Font Info:    Overwriting math alphabet `\mathtt' in version `bold'
(Font)                  OT1/cmtt/m/n --> OT1/lmtt/m/n on input line 38.
) (/usr/local/texlive/2018/texmf-dist/tex/latex/amsfonts/amssymb.sty
Package: amssymb 2013/01/14 v3.01 AMS font symbols
(/usr/local/texlive/2018/texmf-dist/tex/latex/amsfonts/amsfonts.sty
Package: amsfonts 2013/01/14 v3.01 Basic AMSFonts support
\@emptytoks=\toks14
\symAMSa=\mathgroup4
\symAMSb=\mathgroup5
LaTeX Font Info:    Overwriting math alphabet `\mathfrak' in version `bold'
(Font)                  U/euf/m/n --> U/euf/b/n on input line 106.
)) (/usr/local/texlive/2018/texmf-dist/tex/latex/amsmath/amsmath.sty
Package: amsmath 2018/12/01 v2.17b AMS math features
\@mathmargin=\skip43
For additional information on amsmath, use the `?' option.
(/usr/local/texlive/2018/texmf-dist/tex/latex/amsmath/amstext.sty
Package: amstext 2000/06/29 v2.01 AMS text
(/usr/local/texlive/2018/texmf-dist/tex/latex/amsmath/amsgen.sty
File: amsgen.sty 1999/11/30 v2.0 generic functions
\@emptytoks=\toks15
\ex@=\dimen103
)) (/usr/local/texlive/2018/texmf-dist/tex/latex/amsmath/amsbsy.sty
Package: amsbsy 1999/11/29 v1.2d Bold Symbols
\pmbraise@=\dimen104
) (/usr/local/texlive/2018/texmf-dist/tex/latex/amsmath/amsopn.sty
Package: amsopn 2016/03/08 v2.02 operator names
)
\inf@bad=\count89
LaTeX Info: Redefining \frac on input line 223.
\uproot@=\count90
\leftroot@=\count91
LaTeX Info: Redefining \overline on input line 385.
\classnum@=\count92
\DOTSCASE@=\count93
LaTeX Info: Redefining \ldots on input line 482.
LaTeX Info: Redefining \dots on input line 485.
LaTeX Info: Redefining \cdots on input line 606.
\Mathstrutbox@=\box27
\strutbox@=\box28
\big@size=\dimen105
LaTeX Font Info:    Redeclaring font encoding OML on input line 729.
LaTeX Font Info:    Redeclaring font encoding OMS on input line 730.
\macc@depth=\count94
\c@MaxMatrixCols=\count95
\dotsspace@=\muskip10
\c@parentequation=\count96
\dspbrk@lvl=\count97
\tag@help=\toks16
\row@=\count98
\column@=\count99
\maxfields@=\count100
\andhelp@=\toks17
\eqnshift@=\dimen106
\alignsep@=\dimen107
\tagshift@=\dimen108
\tagwidth@=\dimen109
\totwidth@=\dimen110
\lineht@=\dimen111
\@envbody=\toks18
\multlinegap=\skip44
\multlinetaggap=\skip45
\mathdisplay@stack=\toks19
LaTeX Info: Redefining \[ on input line 2844.
LaTeX Info: Redefining \] on input line 2845.
) (/usr/local/texlive/2018/texmf-dist/tex/generic/ifxetex/ifxetex.sty
Package: ifxetex 2010/09/12 v0.6 Provides ifxetex conditional
) (/usr/local/texlive/2018/texmf-dist/tex/generic/oberdiek/ifluatex.sty
Package: ifluatex 2016/05/16 v1.4 Provides the ifluatex switch (HO)
Package ifluatex Info: LuaTeX not detected.
) (/usr/local/texlive/2018/texmf-dist/tex/latex/base/fixltx2e.sty
Package: fixltx2e 2016/12/29 v2.1a fixes to LaTeX (obsolete)
Applying: [2015/01/01] Old fixltx2e package on input line 46.

Package fixltx2e Warning: fixltx2e is not required with releases after 2015
(fixltx2e)                All fixes are now in the LaTeX kernel.
(fixltx2e)                See the latexrelease package for details.

Already applied: [0000/00/00] Old fixltx2e package on input line 53.
) (/usr/local/texlive/2018/texmf-dist/tex/latex/base/fontenc.sty
Package: fontenc 2018/08/11 v2.0j Standard LaTeX package
(/usr/local/texlive/2018/texmf-dist/tex/latex/base/t1enc.def
File: t1enc.def 2018/08/11 v2.0j Standard LaTeX file
LaTeX Font Info:    Redeclaring font encoding T1 on input line 48.
)) (/usr/local/texlive/2018/texmf-dist/tex/latex/base/inputenc.sty
Package: inputenc 2018/08/11 v1.3c Input encoding file
\inpenc@prehook=\toks20
\inpenc@posthook=\toks21
) (/usr/local/texlive/2018/texmf-dist/tex/latex/base/textcomp.sty
Package: textcomp 2018/08/11 v2.0j Standard LaTeX package
Package textcomp Info: Sub-encoding information:
(textcomp)               5 = only ISO-Adobe without \textcurrency
(textcomp)               4 = 5 + \texteuro
(textcomp)               3 = 4 + \textohm
(textcomp)               2 = 3 + \textestimated + \textcurrency
(textcomp)               1 = TS1 - \textcircled - \t
(textcomp)               0 = TS1 (full)
(textcomp)             Font families with sub-encoding setting implement
(textcomp)             only a restricted character set as indicated.
(textcomp)             Family '?' is the default used for unknown fonts.
(textcomp)             See the documentation for details.
Package textcomp Info: Setting ? sub-encoding to TS1/1 on input line 79.
(/usr/local/texlive/2018/texmf-dist/tex/latex/base/ts1enc.def
File: ts1enc.def 2001/06/05 v3.0e (jk/car/fm) Standard LaTeX file
Now handling font encoding TS1 ...
... processing UTF-8 mapping file for font encoding TS1
(/usr/local/texlive/2018/texmf-dist/tex/latex/base/ts1enc.dfu
File: ts1enc.dfu 2018/10/05 v1.2f UTF-8 support for inputenc
   defining Unicode char U+00A2 (decimal 162)
   defining Unicode char U+00A3 (decimal 163)
   defining Unicode char U+00A4 (decimal 164)
   defining Unicode char U+00A5 (decimal 165)
   defining Unicode char U+00A6 (decimal 166)
   defining Unicode char U+00A7 (decimal 167)
   defining Unicode char U+00A8 (decimal 168)
   defining Unicode char U+00A9 (decimal 169)
   defining Unicode char U+00AA (decimal 170)
   defining Unicode char U+00AC (decimal 172)
   defining Unicode char U+00AE (decimal 174)
   defining Unicode char U+00AF (decimal 175)
   defining Unicode char U+00B0 (decimal 176)
   defining Unicode char U+00B1 (decimal 177)
   defining Unicode char U+00B2 (decimal 178)
   defining Unicode char U+00B3 (decimal 179)
   defining Unicode char U+00B4 (decimal 180)
   defining Unicode char U+00B5 (decimal 181)
   defining Unicode char U+00B6 (decimal 182)
   defining Unicode char U+00B7 (decimal 183)
   defining Unicode char U+00B9 (decimal 185)
   defining Unicode char U+00BA (decimal 186)
   defining Unicode char U+00BC (decimal 188)
   defining Unicode char U+00BD (decimal 189)
   defining Unicode char U+00BE (decimal 190)
   defining Unicode char U+00D7 (decimal 215)
   defining Unicode char U+00F7 (decimal 247)
   defining Unicode char U+0192 (decimal 402)
   defining Unicode char U+02C7 (decimal 711)
   defining Unicode char U+02D8 (decimal 728)
   defining Unicode char U+02DD (decimal 733)
   defining Unicode char U+0E3F (decimal 3647)
   defining Unicode char U+2016 (decimal 8214)
   defining Unicode char U+2020 (decimal 8224)
   defining Unicode char U+2021 (decimal 8225)
   defining Unicode char U+2022 (decimal 8226)
   defining Unicode char U+2030 (decimal 8240)
   defining Unicode char U+2031 (decimal 8241)
   defining Unicode char U+203B (decimal 8251)
   defining Unicode char U+203D (decimal 8253)
   defining Unicode char U+2044 (decimal 8260)
   defining Unicode char U+204E (decimal 8270)
   defining Unicode char U+2052 (decimal 8274)
   defining Unicode char U+20A1 (decimal 8353)
   defining Unicode char U+20A4 (decimal 8356)
   defining Unicode char U+20A6 (decimal 8358)
   defining Unicode char U+20A9 (decimal 8361)
   defining Unicode char U+20AB (decimal 8363)
   defining Unicode char U+20AC (decimal 8364)
   defining Unicode char U+20B1 (decimal 8369)
   defining Unicode char U+2103 (decimal 8451)
   defining Unicode char U+2116 (decimal 8470)
   defining Unicode char U+2117 (decimal 8471)
   defining Unicode char U+211E (decimal 8478)
   defining Unicode char U+2120 (decimal 8480)
   defining Unicode char U+2122 (decimal 8482)
   defining Unicode char U+2126 (decimal 8486)
   defining Unicode char U+2127 (decimal 8487)
   defining Unicode char U+212E (decimal 8494)
   defining Unicode char U+2190 (decimal 8592)
   defining Unicode char U+2191 (decimal 8593)
   defining Unicode char U+2192 (decimal 8594)
   defining Unicode char U+2193 (decimal 8595)
   defining Unicode char U+2329 (decimal 9001)
   defining Unicode char U+232A (decimal 9002)
   defining Unicode char U+2422 (decimal 9250)
   defining Unicode char U+25E6 (decimal 9702)
   defining Unicode char U+25EF (decimal 9711)
   defining Unicode char U+266A (decimal 9834)
   defining Unicode char U+FEFF (decimal 65279)
))
LaTeX Info: Redefining \oldstylenums on input line 334.
Package textcomp Info: Setting cmr sub-encoding to TS1/0 on input line 349.
Package textcomp Info: Setting cmss sub-encoding to TS1/0 on input line 350.
Package textcomp Info: Setting cmtt sub-encoding to TS1/0 on input line 351.
Package textcomp Info: Setting cmvtt sub-encoding to TS1/0 on input line 352.
Package textcomp Info: Setting cmbr sub-encoding to TS1/0 on input line 353.
Package textcomp Info: Setting cmtl sub-encoding to TS1/0 on input line 354.
Package textcomp Info: Setting ccr sub-encoding to TS1/0 on input line 355.
Package textcomp Info: Setting ptm sub-encoding to TS1/4 on input line 356.
Package textcomp Info: Setting pcr sub-encoding to TS1/4 on input line 357.
Package textcomp Info: Setting phv sub-encoding to TS1/4 on input line 358.
Package textcomp Info: Setting ppl sub-encoding to TS1/3 on input line 359.
Package textcomp Info: Setting pag sub-encoding to TS1/4 on input line 360.
Package textcomp Info: Setting pbk sub-encoding to TS1/4 on input line 361.
Package textcomp Info: Setting pnc sub-encoding to TS1/4 on input line 362.
Package textcomp Info: Setting pzc sub-encoding to TS1/4 on input line 363.
Package textcomp Info: Setting bch sub-encoding to TS1/4 on input line 364.
Package textcomp Info: Setting put sub-encoding to TS1/5 on input line 365.
Package textcomp Info: Setting uag sub-encoding to TS1/5 on input line 366.
Package textcomp Info: Setting ugq sub-encoding to TS1/5 on input line 367.
Package textcomp Info: Setting ul8 sub-encoding to TS1/4 on input line 368.
Package textcomp Info: Setting ul9 sub-encoding to TS1/4 on input line 369.
Package textcomp Info: Setting augie sub-encoding to TS1/5 on input line 370.
Package textcomp Info: Setting dayrom sub-encoding to TS1/3 on input line 371.
Package textcomp Info: Setting dayroms sub-encoding to TS1/3 on input line 372.

Package textcomp Info: Setting pxr sub-encoding to TS1/0 on input line 373.
Package textcomp Info: Setting pxss sub-encoding to TS1/0 on input line 374.
Package textcomp Info: Setting pxtt sub-encoding to TS1/0 on input line 375.
Package textcomp Info: Setting txr sub-encoding to TS1/0 on input line 376.
Package textcomp Info: Setting txss sub-encoding to TS1/0 on input line 377.
Package textcomp Info: Setting txtt sub-encoding to TS1/0 on input line 378.
Package textcomp Info: Setting lmr sub-encoding to TS1/0 on input line 379.
Package textcomp Info: Setting lmdh sub-encoding to TS1/0 on input line 380.
Package textcomp Info: Setting lmss sub-encoding to TS1/0 on input line 381.
Package textcomp Info: Setting lmssq sub-encoding to TS1/0 on input line 382.
Package textcomp Info: Setting lmvtt sub-encoding to TS1/0 on input line 383.
Package textcomp Info: Setting lmtt sub-encoding to TS1/0 on input line 384.
Package textcomp Info: Setting qhv sub-encoding to TS1/0 on input line 385.
Package textcomp Info: Setting qag sub-encoding to TS1/0 on input line 386.
Package textcomp Info: Setting qbk sub-encoding to TS1/0 on input line 387.
Package textcomp Info: Setting qcr sub-encoding to TS1/0 on input line 388.
Package textcomp Info: Setting qcs sub-encoding to TS1/0 on input line 389.
Package textcomp Info: Setting qpl sub-encoding to TS1/0 on input line 390.
Package textcomp Info: Setting qtm sub-encoding to TS1/0 on input line 391.
Package textcomp Info: Setting qzc sub-encoding to TS1/0 on input line 392.
Package textcomp Info: Setting qhvc sub-encoding to TS1/0 on input line 393.
Package textcomp Info: Setting futs sub-encoding to TS1/4 on input line 394.
Package textcomp Info: Setting futx sub-encoding to TS1/4 on input line 395.
Package textcomp Info: Setting futj sub-encoding to TS1/4 on input line 396.
Package textcomp Info: Setting hlh sub-encoding to TS1/3 on input line 397.
Package textcomp Info: Setting hls sub-encoding to TS1/3 on input line 398.
Package textcomp Info: Setting hlst sub-encoding to TS1/3 on input line 399.
Package textcomp Info: Setting hlct sub-encoding to TS1/5 on input line 400.
Package textcomp Info: Setting hlx sub-encoding to TS1/5 on input line 401.
Package textcomp Info: Setting hlce sub-encoding to TS1/5 on input line 402.
Package textcomp Info: Setting hlcn sub-encoding to TS1/5 on input line 403.
Package textcomp Info: Setting hlcw sub-encoding to TS1/5 on input line 404.
Package textcomp Info: Setting hlcf sub-encoding to TS1/5 on input line 405.
Package textcomp Info: Setting pplx sub-encoding to TS1/3 on input line 406.
Package textcomp Info: Setting pplj sub-encoding to TS1/3 on input line 407.
Package textcomp Info: Setting ptmx sub-encoding to TS1/4 on input line 408.
Package textcomp Info: Setting ptmj sub-encoding to TS1/4 on input line 409.
) (/usr/local/texlive/2018/texmf-dist/tex/latex/upquote/upquote.sty
Package: upquote 2012/04/19 v1.3 upright-quote and grave-accent glyphs in verba
tim
) (/usr/local/texlive/2018/texmf-dist/tex/latex/microtype/microtype.sty
Package: microtype 2018/01/14 v2.7a Micro-typographical refinements (RS)
(/usr/local/texlive/2018/texmf-dist/tex/latex/graphics/keyval.sty
Package: keyval 2014/10/28 v1.15 key=value parser (DPC)
\KV@toks@=\toks22
)
\MT@toks=\toks23
\MT@count=\count101
LaTeX Info: Redefining \textls on input line 793.
\MT@outer@kern=\dimen112
LaTeX Info: Redefining \textmicrotypecontext on input line 1339.
\MT@listname@count=\count102
(/usr/local/texlive/2018/texmf-dist/tex/latex/microtype/microtype-pdftex.def
File: microtype-pdftex.def 2018/01/14 v2.7a Definitions specific to pdftex (RS)

LaTeX Info: Redefining \lsstyle on input line 913.
LaTeX Info: Redefining \lslig on input line 913.
\MT@outer@space=\skip46
)
Package microtype Info: Loading configuration file microtype.cfg.
(/usr/local/texlive/2018/texmf-dist/tex/latex/microtype/microtype.cfg
File: microtype.cfg 2018/01/14 v2.7a microtype main configuration file (RS)
)) (/usr/local/texlive/2018/texmf-dist/tex/latex/parskip/parskip.sty
Package: parskip 2019-01-16 v2.0c non-zero parskip adjustments
(/usr/local/texlive/2018/texmf-dist/tex/latex/oberdiek/kvoptions.sty
Package: kvoptions 2016/05/16 v3.12 Key value format for package options (HO)
(/usr/local/texlive/2018/texmf-dist/tex/generic/oberdiek/ltxcmds.sty
Package: ltxcmds 2016/05/16 v1.23 LaTeX kernel commands for general use (HO)
) (/usr/local/texlive/2018/texmf-dist/tex/generic/oberdiek/kvsetkeys.sty
Package: kvsetkeys 2016/05/16 v1.17 Key value parser (HO)
(/usr/local/texlive/2018/texmf-dist/tex/generic/oberdiek/infwarerr.sty
Package: infwarerr 2016/05/16 v1.4 Providing info/warning/error messages (HO)
) (/usr/local/texlive/2018/texmf-dist/tex/generic/oberdiek/etexcmds.sty
Package: etexcmds 2016/05/16 v1.6 Avoid name clashes with e-TeX commands (HO)
Package etexcmds Info: Could not find \expanded.
(etexcmds)             That can mean that you are not using pdfTeX 1.50 or
(etexcmds)             that some package has redefined \expanded.
(etexcmds)             In the latter case, load this package earlier.
))) (/usr/local/texlive/2018/texmf-dist/tex/latex/etoolbox/etoolbox.sty
Package: etoolbox 2018/08/19 v2.5f e-TeX tools for LaTeX (JAW)
\etb@tempcnta=\count103
)) (/usr/local/texlive/2018/texmf-dist/tex/latex/hyperref/hyperref.sty
Package: hyperref 2018/11/30 v6.88e Hypertext links for LaTeX
(/usr/local/texlive/2018/texmf-dist/tex/generic/oberdiek/hobsub-hyperref.sty
Package: hobsub-hyperref 2016/05/16 v1.14 Bundle oberdiek, subset hyperref (HO)

(/usr/local/texlive/2018/texmf-dist/tex/generic/oberdiek/hobsub-generic.sty
Package: hobsub-generic 2016/05/16 v1.14 Bundle oberdiek, subset generic (HO)
Package: hobsub 2016/05/16 v1.14 Construct package bundles (HO)
Package hobsub Info: Skipping package `infwarerr' (already loaded).
Package hobsub Info: Skipping package `ltxcmds' (already loaded).
Package hobsub Info: Skipping package `ifluatex' (already loaded).
Package: ifvtex 2016/05/16 v1.6 Detect VTeX and its facilities (HO)
Package ifvtex Info: VTeX not detected.
Package: intcalc 2016/05/16 v1.2 Expandable calculations with integers (HO)
Package: ifpdf 2018/09/07 v3.3 Provides the ifpdf switch
Package hobsub Info: Skipping package `etexcmds' (already loaded).
Package hobsub Info: Skipping package `kvsetkeys' (already loaded).
Package: kvdefinekeys 2016/05/16 v1.4 Define keys (HO)
Package: pdftexcmds 2018/09/10 v0.29 Utility functions of pdfTeX for LuaTeX (HO
)
Package pdftexcmds Info: LuaTeX not detected.
Package pdftexcmds Info: \pdf@primitive is available.
Package pdftexcmds Info: \pdf@ifprimitive is available.
Package pdftexcmds Info: \pdfdraftmode found.
Package: pdfescape 2016/05/16 v1.14 Implements pdfTeX's escape features (HO)
Package: bigintcalc 2016/05/16 v1.4 Expandable calculations on big integers (HO
)
Package: bitset 2016/05/16 v1.2 Handle bit-vector datatype (HO)
Package: uniquecounter 2016/05/16 v1.3 Provide unlimited unique counter (HO)
)
Package hobsub Info: Skipping package `hobsub' (already loaded).
Package: letltxmacro 2016/05/16 v1.5 Let assignment for LaTeX macros (HO)
Package: hopatch 2016/05/16 v1.3 Wrapper for package hooks (HO)
Package: xcolor-patch 2016/05/16 xcolor patch
Package: atveryend 2016/05/16 v1.9 Hooks at the very end of document (HO)
Package: atbegshi 2016/06/09 v1.18 At begin shipout hook (HO)
Package: refcount 2016/05/16 v3.5 Data extraction from label references (HO)
Package: hycolor 2016/05/16 v1.8 Color options for hyperref/bookmark (HO)
) (/usr/local/texlive/2018/texmf-dist/tex/latex/oberdiek/auxhook.sty
Package: auxhook 2016/05/16 v1.4 Hooks for auxiliary files (HO)
)
\@linkdim=\dimen113
\Hy@linkcounter=\count104
\Hy@pagecounter=\count105
(/usr/local/texlive/2018/texmf-dist/tex/latex/hyperref/pd1enc.def
File: pd1enc.def 2018/11/30 v6.88e Hyperref: PDFDocEncoding definition (HO)
Now handling font encoding PD1 ...
... no UTF-8 mapping file for font encoding PD1
)
\Hy@SavedSpaceFactor=\count106
(/usr/local/texlive/2018/texmf-dist/tex/latex/latexconfig/hyperref.cfg
File: hyperref.cfg 2002/06/06 v1.2 hyperref configuration of TeXLive
)
Package hyperref Info: Option `unicode' set `true' on input line 4393.
(/usr/local/texlive/2018/texmf-dist/tex/latex/hyperref/puenc.def
File: puenc.def 2018/11/30 v6.88e Hyperref: PDF Unicode definition (HO)
Now handling font encoding PU ...
... no UTF-8 mapping file for font encoding PU
)
Package hyperref Info: Hyper figures OFF on input line 4519.
Package hyperref Info: Link nesting OFF on input line 4524.
Package hyperref Info: Hyper index ON on input line 4527.
Package hyperref Info: Plain pages OFF on input line 4534.
Package hyperref Info: Backreferencing OFF on input line 4539.
Package hyperref Info: Implicit mode ON; LaTeX internals redefined.
Package hyperref Info: Bookmarks ON on input line 4772.
\c@Hy@tempcnt=\count107
(/usr/local/texlive/2018/texmf-dist/tex/latex/url/url.sty
\Urlmuskip=\muskip11
Package: url 2013/09/16  ver 3.4  Verb mode for urls, etc.
)
LaTeX Info: Redefining \url on input line 5125.
\XeTeXLinkMargin=\dimen114
\Fld@menulength=\count108
\Field@Width=\dimen115
\Fld@charsize=\dimen116
Package hyperref Info: Hyper figures OFF on input line 6380.
Package hyperref Info: Link nesting OFF on input line 6385.
Package hyperref Info: Hyper index ON on input line 6388.
Package hyperref Info: backreferencing OFF on input line 6395.
Package hyperref Info: Link coloring OFF on input line 6400.
Package hyperref Info: Link coloring with OCG OFF on input line 6405.
Package hyperref Info: PDF/A mode OFF on input line 6410.
LaTeX Info: Redefining \ref on input line 6450.
LaTeX Info: Redefining \pageref on input line 6454.
\Hy@abspage=\count109
\c@Item=\count110
\c@Hfootnote=\count111
)
Package hyperref Info: Driver (autodetected): hpdftex.
(/usr/local/texlive/2018/texmf-dist/tex/latex/hyperref/hpdftex.def
File: hpdftex.def 2018/11/30 v6.88e Hyperref driver for pdfTeX
\Fld@listcount=\count112
\c@bookmark@seq@number=\count113
(/usr/local/texlive/2018/texmf-dist/tex/latex/oberdiek/rerunfilecheck.sty
Package: rerunfilecheck 2016/05/16 v1.8 Rerun checks for auxiliary files (HO)
Package uniquecounter Info: New unique counter `rerunfilecheck' on input line 2
82.
)
\Hy@SectionHShift=\skip47
)
Package hyperref Info: Option `breaklinks' set `true' on input line 35.
(/usr/local/texlive/2018/texmf-dist/tex/latex/graphics/color.sty
Package: color 2016/07/10 v1.1e Standard LaTeX Color (DPC)
(/usr/local/texlive/2018/texmf-dist/tex/latex/graphics-cfg/color.cfg
File: color.cfg 2016/01/02 v1.6 sample color configuration
)
Package color Info: Driver file: pdftex.def on input line 147.
(/usr/local/texlive/2018/texmf-dist/tex/latex/graphics-def/pdftex.def
File: pdftex.def 2018/01/08 v1.0l Graphics/color driver for pdftex
)) (/usr/local/texlive/2018/texmf-dist/tex/latex/fancyvrb/fancyvrb.sty
Package: fancyvrb 2019/01/15
Style option: `fancyvrb' v3.2a <2019/01/15> (tvz)
\FV@CodeLineNo=\count114
\FV@InFile=\read1
\FV@TabBox=\box29
\c@FancyVerbLine=\count115
\FV@StepNumber=\count116
\FV@OutFile=\write3
) (/usr/local/texlive/2018/texmf-dist/tex/latex/framed/framed.sty
Package: framed 2011/10/22 v 0.96: framed or shaded text with page breaks
\OuterFrameSep=\skip48
\fb@frw=\dimen117
\fb@frh=\dimen118
\FrameRule=\dimen119
\FrameSep=\dimen120
) (/usr/local/texlive/2018/texmf-dist/tex/latex/tools/longtable.sty
Package: longtable 2014/10/28 v4.11 Multi-page Table package (DPC)+ FMi change
\LTleft=\skip49
\LTright=\skip50
\LTpre=\skip51
\LTpost=\skip52
\LTchunksize=\count117
\LTcapwidth=\dimen121
\LT@head=\box30
\LT@firsthead=\box31
\LT@foot=\box32
\LT@lastfoot=\box33
\LT@cols=\count118
\LT@rows=\count119
\c@LT@tables=\count120
\c@LT@chunks=\count121
\LT@p@ftn=\toks24
) (/usr/local/texlive/2018/texmf-dist/tex/latex/booktabs/booktabs.sty
Package: booktabs 2016/04/27 v1.618033 publication quality tables
\heavyrulewidth=\dimen122
\lightrulewidth=\dimen123
\cmidrulewidth=\dimen124
\belowrulesep=\dimen125
\belowbottomsep=\dimen126
\aboverulesep=\dimen127
\abovetopsep=\dimen128
\cmidrulesep=\dimen129
\cmidrulekern=\dimen130
\defaultaddspace=\dimen131
\@cmidla=\count122
\@cmidlb=\count123
\@aboverulesep=\dimen132
\@belowrulesep=\dimen133
\@thisruleclass=\count124
\@lastruleclass=\count125
\@thisrulewidth=\dimen134
) (/usr/local/texlive/2018/texmf-dist/tex/latex/mdwtools/footnote.sty
Package: footnote 1997/01/28 1.13 Save footnotes around boxes
\fn@notes=\box34
\fn@width=\dimen135
) (/usr/local/texlive/2018/texmf-dist/tex/latex/graphics/graphicx.sty
Package: graphicx 2017/06/01 v1.1a Enhanced LaTeX Graphics (DPC,SPQR)
(/usr/local/texlive/2018/texmf-dist/tex/latex/graphics/graphics.sty
Package: graphics 2017/06/25 v1.2c Standard LaTeX Graphics (DPC,SPQR)
(/usr/local/texlive/2018/texmf-dist/tex/latex/graphics/trig.sty
Package: trig 2016/01/03 v1.10 sin cos tan (DPC)
) (/usr/local/texlive/2018/texmf-dist/tex/latex/graphics-cfg/graphics.cfg
File: graphics.cfg 2016/06/04 v1.11 sample graphics configuration
)
Package graphics Info: Driver file: pdftex.def on input line 99.
)
\Gin@req@height=\dimen136
\Gin@req@width=\dimen137
) (/usr/local/texlive/2018/texmf-dist/tex/latex/oberdiek/grffile.sty
Package: grffile 2017/06/30 v1.18 Extended file name support for graphics (HO)
Package grffile Info: Option `multidot' is set to `true'.
Package grffile Info: Option `extendedchars' is set to `false'.
Package grffile Info: Option `space' is set to `true'.
Package grffile Info: \Gin@ii of package `graphicx' fixed on input line 494.
) (./EngleLab-UseR-Guide.aux

LaTeX Warning: Label `tab:unnamed-chunk-404' multiply defined.


LaTeX Warning: Label `tab:unnamed-chunk-404' multiply defined.


LaTeX Warning: Label `tab:unnamed-chunk-404' multiply defined.


LaTeX Warning: Label `tab:unnamed-chunk-404' multiply defined.


LaTeX Warning: Label `tab:unnamed-chunk-404' multiply defined.


LaTeX Warning: Label `tab:unnamed-chunk-410' multiply defined.


LaTeX Warning: Label `tab:unnamed-chunk-410' multiply defined.


LaTeX Warning: Label `tab:unnamed-chunk-410' multiply defined.


LaTeX Warning: Label `tab:unnamed-chunk-410' multiply defined.


LaTeX Warning: Label `tab:unnamed-chunk-410' multiply defined.


LaTeX Warning: Label `tab:unnamed-chunk-410' multiply defined.

)
\openout1 = `EngleLab-UseR-Guide.aux'.

LaTeX Font Info:    Checking defaults for OML/cmm/m/it on input line 113.
LaTeX Font Info:    ... okay on input line 113.
LaTeX Font Info:    Checking defaults for T1/cmr/m/n on input line 113.
LaTeX Font Info:    ... okay on input line 113.
LaTeX Font Info:    Checking defaults for OT1/cmr/m/n on input line 113.
LaTeX Font Info:    ... okay on input line 113.
LaTeX Font Info:    Checking defaults for OMS/cmsy/m/n on input line 113.
LaTeX Font Info:    ... okay on input line 113.
LaTeX Font Info:    Checking defaults for OMX/cmex/m/n on input line 113.
LaTeX Font Info:    ... okay on input line 113.
LaTeX Font Info:    Checking defaults for U/cmr/m/n on input line 113.
LaTeX Font Info:    ... okay on input line 113.
LaTeX Font Info:    Checking defaults for TS1/cmr/m/n on input line 113.
LaTeX Font Info:    Try loading font information for TS1+cmr on input line 113.

(/usr/local/texlive/2018/texmf-dist/tex/latex/base/ts1cmr.fd
File: ts1cmr.fd 2014/09/29 v2.5h Standard LaTeX font definitions
)
LaTeX Font Info:    ... okay on input line 113.
LaTeX Font Info:    Checking defaults for PD1/pdf/m/n on input line 113.
LaTeX Font Info:    ... okay on input line 113.
LaTeX Font Info:    Checking defaults for PU/pdf/m/n on input line 113.
LaTeX Font Info:    ... okay on input line 113.
LaTeX Font Info:    Try loading font information for T1+lmr on input line 113.
(/usr/local/texlive/2018/texmf-dist/tex/latex/lm/t1lmr.fd
File: t1lmr.fd 2009/10/30 v1.6 Font defs for Latin Modern
)
LaTeX Info: Redefining \microtypecontext on input line 113.
Package microtype Info: Generating PDF output.
Package microtype Info: Character protrusion enabled (level 2).
Package microtype Info: Using protrusion set `basicmath'.
Package microtype Info: Automatic font expansion enabled (level 2),
(microtype)             stretch: 20, shrink: 20, step: 1, non-selected.
Package microtype Info: Using default expansion set `basictext'.
Package microtype Info: No adjustment of tracking.
Package microtype Info: No adjustment of interword spacing.
Package microtype Info: No adjustment of character kerning.
(/usr/local/texlive/2018/texmf-dist/tex/latex/microtype/mt-cmr.cfg
File: mt-cmr.cfg 2013/05/19 v2.2 microtype config. file: Computer Modern Roman 
(RS)
)
\AtBeginShipoutBox=\box35
Package hyperref Info: Link coloring OFF on input line 113.
(/usr/local/texlive/2018/texmf-dist/tex/latex/hyperref/nameref.sty
Package: nameref 2016/05/21 v2.44 Cross-referencing by name of section
(/usr/local/texlive/2018/texmf-dist/tex/generic/oberdiek/gettitlestring.sty
Package: gettitlestring 2016/05/16 v1.5 Cleanup title references (HO)
)
\c@section@level=\count126
)
LaTeX Info: Redefining \ref on input line 113.
LaTeX Info: Redefining \pageref on input line 113.
LaTeX Info: Redefining \nameref on input line 113.
(./EngleLab-UseR-Guide.out) (./EngleLab-UseR-Guide.out)
\@outlinefile=\write4
\openout4 = `EngleLab-UseR-Guide.out'.

(/usr/local/texlive/2018/texmf-dist/tex/context/base/mkii/supp-pdf.mkii
[Loading MPS to PDF converter (version 2006.09.02).]
\scratchcounter=\count127
\scratchdimen=\dimen138
\scratchbox=\box36
\nofMPsegments=\count128
\nofMParguments=\count129
\everyMPshowfont=\toks25
\MPscratchCnt=\count130
\MPscratchDim=\dimen139
\MPnumerator=\count131
\makeMPintoPDFobject=\count132
\everyMPtoPDFconversion=\toks26
) (/usr/local/texlive/2018/texmf-dist/tex/latex/oberdiek/epstopdf-base.sty
Package: epstopdf-base 2016/05/15 v2.6 Base part for package epstopdf
(/usr/local/texlive/2018/texmf-dist/tex/latex/oberdiek/grfext.sty
Package: grfext 2016/05/16 v1.2 Manage graphics extensions (HO)
)
Package epstopdf-base Info: Redefining graphics rule for `.eps' on input line 4
38.
Package grfext Info: Graphics extension search list:
(grfext)             [.pdf,.png,.jpg,.mps,.jpeg,.jbig2,.jb2,.PDF,.PNG,.JPG,.JPE
G,.JBIG2,.JB2,.eps]
(grfext)             \AppendGraphicsExtensions on input line 456.
(/usr/local/texlive/2018/texmf-dist/tex/latex/latexconfig/epstopdf-sys.cfg
File: epstopdf-sys.cfg 2010/07/13 v1.3 Configuration of (r)epstopdf for TeX Liv
e
))
LaTeX Font Info:    Try loading font information for OT1+lmr on input line 115.

(/usr/local/texlive/2018/texmf-dist/tex/latex/lm/ot1lmr.fd
File: ot1lmr.fd 2009/10/30 v1.6 Font defs for Latin Modern
)
LaTeX Font Info:    Try loading font information for OML+lmm on input line 115.

(/usr/local/texlive/2018/texmf-dist/tex/latex/lm/omllmm.fd
File: omllmm.fd 2009/10/30 v1.6 Font defs for Latin Modern
)
LaTeX Font Info:    Try loading font information for OMS+lmsy on input line 115
.
(/usr/local/texlive/2018/texmf-dist/tex/latex/lm/omslmsy.fd
File: omslmsy.fd 2009/10/30 v1.6 Font defs for Latin Modern
)
LaTeX Font Info:    Try loading font information for OMX+lmex on input line 115
.
(/usr/local/texlive/2018/texmf-dist/tex/latex/lm/omxlmex.fd
File: omxlmex.fd 2009/10/30 v1.6 Font defs for Latin Modern
)
LaTeX Font Info:    External font `lmex10' loaded for size
(Font)              <12> on input line 115.
LaTeX Font Info:    External font `lmex10' loaded for size
(Font)              <8> on input line 115.
LaTeX Font Info:    External font `lmex10' loaded for size
(Font)              <6> on input line 115.
LaTeX Font Info:    Try loading font information for U+msa on input line 115.
(/usr/local/texlive/2018/texmf-dist/tex/latex/amsfonts/umsa.fd
File: umsa.fd 2013/01/14 v3.01 AMS symbols A
) (/usr/local/texlive/2018/texmf-dist/tex/latex/microtype/mt-msa.cfg
File: mt-msa.cfg 2006/02/04 v1.1 microtype config. file: AMS symbols (a) (RS)
)
LaTeX Font Info:    Try loading font information for U+msb on input line 115.
(/usr/local/texlive/2018/texmf-dist/tex/latex/amsfonts/umsb.fd
File: umsb.fd 2013/01/14 v3.01 AMS symbols B
) (/usr/local/texlive/2018/texmf-dist/tex/latex/microtype/mt-msb.cfg
File: mt-msb.cfg 2005/06/01 v1.0 microtype config. file: AMS symbols (b) (RS)
) [1


{/usr/local/texlive/2018/texmf-var/fonts/map/pdftex/updmap/pdftex.map}] [2

] (./EngleLab-UseR-Guide.toc
LaTeX Font Info:    External font `lmex10' loaded for size
(Font)              <10> on input line 6.
LaTeX Font Info:    External font `lmex10' loaded for size
(Font)              <7> on input line 6.
LaTeX Font Info:    External font `lmex10' loaded for size
(Font)              <5> on input line 6.
[3]
LaTeX Font Info:    Try loading font information for T1+lmtt on input line 39.
(/usr/local/texlive/2018/texmf-dist/tex/latex/lm/t1lmtt.fd
File: t1lmtt.fd 2009/10/30 v1.6 Font defs for Latin Modern
)
LaTeX Font Info:    Font shape `T1/lmtt/bx/n' in size <10> not available
(Font)              Font shape `T1/lmtt/b/n' tried instead on input line 39.
[4] [5])
\tf@toc=\write5
\openout5 = `EngleLab-UseR-Guide.toc'.

[6]
<images/eagle.png, id=672, 445.1832pt x 374.3586pt>
File: images/eagle.png Graphic file (type png)
<use images/eagle.png>
Package pdftex.def Info: images/eagle.png  used on input line 124.
(pdftex.def)             Requested size: 445.1957pt x 374.3691pt.

Overfull \hbox (100.1957pt too wide) in paragraph at lines 124--125
[] 
 []

[7

 <./images/eagle.png>] [8

] [9]
LaTeX Font Info:    Try loading font information for TS1+lmr on input line 157.

(/usr/local/texlive/2018/texmf-dist/tex/latex/lm/ts1lmr.fd
File: ts1lmr.fd 2009/10/30 v1.6 Font defs for Latin Modern
) [10]
<images/workflow.png, id=699, 651.3936pt x 365.2044pt>
File: images/workflow.png Graphic file (type png)
<use images/workflow.png>
Package pdftex.def Info: images/workflow.png  used on input line 175.
(pdftex.def)             Requested size: 651.41188pt x 365.21465pt.

Overfull \hbox (306.41188pt too wide) in paragraph at lines 175--176
[][] 
 []

[11

 <./images/workflow.png>]
<images/workflow_pub_share.png, id=706, 974.1996pt x 422.5386pt>
File: images/workflow_pub_share.png Graphic file (type png)
<use images/workflow_pub_share.png>
Package pdftex.def Info: images/workflow_pub_share.png  used on input line 191.

(pdftex.def)             Requested size: 974.19724pt x 422.53757pt.

Overfull \hbox (629.19724pt too wide) in paragraph at lines 191--192
[][] 
 []


Underfull \vbox (badness 10000) has occurred while \output is active []

[12] [13 <./images/workflow_pub_share.png>] [14

] [15] [16]
Chapter 1.
[17

]
<images/rstudio-environment.png, id=748, 1567.8575pt x 1031.855pt>
File: images/rstudio-environment.png Graphic file (type png)
<use images/rstudio-environment.png>
Package pdftex.def Info: images/rstudio-environment.png  used on input line 243
.
(pdftex.def)             Requested size: 835.72131pt x 550.01376pt.

Overfull \hbox (490.72131pt too wide) in paragraph at lines 243--244
[][] 
 []


Underfull \vbox (badness 10000) has occurred while \output is active []

[18] [19 <./images/rstudio-environment.png>]
<images/rstudio-settings.png, id=759, 589.20125pt x 579.16376pt>
File: images/rstudio-settings.png Graphic file (type png)
<use images/rstudio-settings.png>
Package pdftex.def Info: images/rstudio-settings.png  used on input line 281.
(pdftex.def)             Requested size: 559.56718pt x 550.03453pt.

Overfull \hbox (214.56718pt too wide) in paragraph at lines 281--282
[][] 
 []


Underfull \vbox (badness 10000) has occurred while \output is active []

[20] [21 <./images/rstudio-settings.png>] [22]
Chapter 2.
[23

]
LaTeX Font Info:    Try loading font information for TS1+lmtt on input line 361
.
(/usr/local/texlive/2018/texmf-dist/tex/latex/lm/ts1lmtt.fd
File: ts1lmtt.fd 2009/10/30 v1.6 Font defs for Latin Modern
) [24]
Underfull \hbox (badness 2503) in paragraph at lines 424--425
[]\T1/lmr/m/n/10 (+20) To change the class of val-ues in an ob-ject you can use
 the func-
 []


Underfull \hbox (badness 1210) in paragraph at lines 424--425
\T1/lmr/m/n/10 (+20) tion \T1/lmtt/m/n/10 as.character() \T1/lmr/m/n/10 (+20) ,
 \T1/lmtt/m/n/10 as.numeric() \T1/lmr/m/n/10 (+20) , \T1/lmtt/m/n/10 as.double(
) \T1/lmr/m/n/10 (+20) , \T1/lmtt/m/n/10 as.integer() \T1/lmr/m/n/10 (+20) ,
 []

[25] [26] [27] [28] [29] [30]
<images/logical-operations.png, id=827, 550.055pt x 757.83125pt>
File: images/logical-operations.png Graphic file (type png)
<use images/logical-operations.png>
Package pdftex.def Info: images/logical-operations.png  used on input line 800.

(pdftex.def)             Requested size: 200.74742pt x 276.5772pt.
[31 <./images/logical-operations.png>] [32]
Underfull \hbox (badness 10000) in paragraph at lines 905--906
[][]$\T1/lmr/m/n/10 (+20) https : / / www . datacamp . com / courses / free -[]
 introduction -[] to -[] r / ?tap _ a = 5644 -[]
 []

[33] [34

]
Chapter 3.
[35] [36] [37] [38] [39] [40] [41] [42] [43] [44

] [45] [46]
<images/hadley.jpeg, id=912, 461.725pt x 461.725pt>
File: images/hadley.jpeg Graphic file (type jpg)
<use images/hadley.jpeg>
Package pdftex.def Info: images/hadley.jpeg  used on input line 1346.
(pdftex.def)             Requested size: 150.55907pt x 150.55907pt.
<images/tidyverse.png, id=913, 598.73688pt x 506.39188pt>
File: images/tidyverse.png Graphic file (type png)
<use images/tidyverse.png>
Package pdftex.def Info: images/tidyverse.png  used on input line 1352.
(pdftex.def)             Requested size: 301.13094pt x 254.6866pt.

Underfull \vbox (badness 10000) has occurred while \output is active []

[47

 <./images/hadley.jpeg>] [48 <./images/tidyverse.png>]
Chapter 4.
<images/readr_logo.png, id=927, 738.09084pt x 855.52959pt>
File: images/readr_logo.png Graphic file (type png)
<use images/readr_logo.png>
Package pdftex.def Info: images/readr_logo.png  used on input line 1369.
(pdftex.def)             Requested size: 125.46251pt x 145.42505pt.
[49

 <./images/readr_logo.png>]

Package hyperref Warning: Suppressing empty link on input line 1400.

LaTeX Font Info:    Font shape `T1/lmtt/bx/n' in size <12> not available
(Font)              Font shape `T1/lmtt/b/n' tried instead on input line 1412.
[50]
Overfull \hbox (9.3979pt too wide) in paragraph at lines 1464--1465
[]\T1/lmr/m/n/10 (-20) Let's out-put the ob-ject \T1/lmtt/m/n/10 import_csv \T1
/lmr/m/n/10 (-20) to a \T1/lmtt/m/n/10 csv \T1/lmr/m/n/10 (-20) file named: \T1
/lmtt/m/n/10 new_Flanker_Scores.csv
 []

[51]
<images/rstudioGUI-readr.png, id=953, 1227.58624pt x 767.86874pt>
File: images/rstudioGUI-readr.png Graphic file (type png)
<use images/rstudioGUI-readr.png>
Package pdftex.def Info: images/rstudioGUI-readr.png  used on input line 1581.
(pdftex.def)             Requested size: 879.32843pt x 550.02963pt.

Overfull \hbox (534.32843pt too wide) in paragraph at lines 1581--1582
[][] 
 []

[52] [53 <./images/rstudioGUI-readr.png>] [54] [55] [56

]
Chapter 5.
LaTeX Font Info:    Font shape `T1/lmtt/bx/n' in size <24.88> not available
(Font)              Font shape `T1/lmtt/b/n' tried instead on input line 1659.
<images/dplyr_logo.png, id=984, 738.76pt x 856.19875pt>
File: images/dplyr_logo.png Graphic file (type png)
<use images/dplyr_logo.png>
Package pdftex.def Info: images/dplyr_logo.png  used on input line 1663.
(pdftex.def)             Requested size: 125.46353pt x 145.40814pt.
[57 <./images/dplyr_logo.png>]

Package hyperref Warning: Suppressing empty link on input line 1716.

[58] [59]
Overfull \hbox (32.9989pt too wide) in paragraph at lines 1824--1824
[]\T1/lmtt/m/n/10 ##   [1]   1   2   3   4   5   6   7   8   9  10  11  12  13 
 14  15  16[] 
 []


Overfull \hbox (32.9989pt too wide) in paragraph at lines 1824--1824
[]\T1/lmtt/m/n/10 ##  [17]  17  18  19  20  21  22  23  24  25  26  27  28  29 
 30  31  32[] 
 []


Overfull \hbox (32.9989pt too wide) in paragraph at lines 1824--1824
[]\T1/lmtt/m/n/10 ##  [33]  33  34  35  36  37  38  39  40  41  42  43  44  45 
 46  47  48[] 
 []


Overfull \hbox (32.9989pt too wide) in paragraph at lines 1824--1824
[]\T1/lmtt/m/n/10 ##  [49]  49  50  51  52  53  54  55  56  57  58  59  60  61 
 62  63  64[] 
 []


Overfull \hbox (32.9989pt too wide) in paragraph at lines 1824--1824
[]\T1/lmtt/m/n/10 ##  [65]  65  66  67  68  69  70  71  72  73  74  75  76  77 
 78  79  80[] 
 []


Overfull \hbox (32.9989pt too wide) in paragraph at lines 1824--1824
[]\T1/lmtt/m/n/10 ##  [81]  81  82  83  84  85  86  87  88  89  90  91  92  93 
 94  95  96[] 
 []


Overfull \hbox (32.9989pt too wide) in paragraph at lines 1824--1824
[]\T1/lmtt/m/n/10 ##  [97]  97  98  99 100 101 102 103 104 105 106 107 108 109 
110 111 112[] 
 []


Overfull \hbox (32.9989pt too wide) in paragraph at lines 1824--1824
[]\T1/lmtt/m/n/10 ## [113] 113 114 115 116 117 118 119 120 121 122 123 124 125 
126 127 128[] 
 []


Overfull \hbox (32.9989pt too wide) in paragraph at lines 1824--1824
[]\T1/lmtt/m/n/10 ## [129] 129 130 131 132 133 134 135 136 137 138 139 140 141 
142 143 144[] 
 []


Overfull \hbox (32.9989pt too wide) in paragraph at lines 1824--1824
[]\T1/lmtt/m/n/10 ## [145] 145 146 147 148 149 150 151 152 153 154 155 156 157 
158 159 160[] 
 []


Overfull \hbox (32.9989pt too wide) in paragraph at lines 1824--1824
[]\T1/lmtt/m/n/10 ## [161] 161 162 163 164 165 166 167 168 169 170 171 172 173 
174 175 176[] 
 []


Overfull \hbox (32.9989pt too wide) in paragraph at lines 1824--1824
[]\T1/lmtt/m/n/10 ## [177] 177 178 179 180 181 182 183 184 185 186 187 188 189 
190 191 192[] 
 []

[60]
LaTeX Font Info:    Font shape `T1/lmtt/bx/n' in size <14.4> not available
(Font)              Font shape `T1/lmtt/b/n' tried instead on input line 1873.
File: images/logical-operations.png Graphic file (type png)
<use images/logical-operations.png>
Package pdftex.def Info: images/logical-operations.png  used on input line 1892
.
(pdftex.def)             Requested size: 200.74742pt x 276.5772pt.

Underfull \vbox (badness 10000) has occurred while \output is active []

[61] [62] [63] [64] [65] [66] [67] [68] [69]
Underfull \hbox (badness 10000) in paragraph at lines 2310--2312
[][]$\T1/lmr/m/n/10 (+20) https : / / dplyr . tidyverse . org$[] []$https : / /
 cran . r -[] project . org / web / packages / dplyr /
 []

[70]
Chapter 6.
<images/datawrangling_logo.png, id=1073, 519.9425pt x 602.25pt>
File: images/datawrangling_logo.png Graphic file (type png)
<use images/datawrangling_logo.png>
Package pdftex.def Info: images/datawrangling_logo.png  used on input line 2322
.
(pdftex.def)             Requested size: 125.4631pt x 145.32407pt.
[71

 <./images/datawrangling_logo.png>] [72] [73]
Overfull \hbox (38.24889pt too wide) in paragraph at lines 2510--2510
[]\T1/lmtt/m/n/10 ## Warning in if (variables == "all") {: the condition has le
ngth > 1 and[] 
 []

[74] [75]
<EngleLab-UseR-Guide_files/figure-latex/unnamed-chunk-161-1.pdf, id=1105, 459.7
175pt x 313.17pt>
File: EngleLab-UseR-Guide_files/figure-latex/unnamed-chunk-161-1.pdf Graphic fi
le (type pdf)
<use EngleLab-UseR-Guide_files/figure-latex/unnamed-chunk-161-1.pdf>
Package pdftex.def Info: EngleLab-UseR-Guide_files/figure-latex/unnamed-chunk-1
61-1.pdf  used on input line 2595.
(pdftex.def)             Requested size: 345.01875pt x 235.0346pt.
[76 <./EngleLab-UseR-Guide_files/figure-latex/unnamed-chunk-161-1.pdf>] [77] [7
8

] [79] [80]
File: images/workflow.png Graphic file (type png)
<use images/workflow.png>
Package pdftex.def Info: images/workflow.png  used on input line 2635.
(pdftex.def)             Requested size: 258.75378pt x 145.07053pt.
[81

] [82]
Chapter 7.
<images/central_repository.png, id=1146, 674.52pt x 495.7722pt>
File: images/central_repository.png Graphic file (type png)
<use images/central_repository.png>
Package pdftex.def Info: images/central_repository.png  used on input line 2716
.
(pdftex.def)             Requested size: 206.9994pt x 152.14455pt.
[83

]
<images/repository_datacollection.png, id=1151, 474.573pt x 451.4466pt>
File: images/repository_datacollection.png Graphic file (type png)
<use images/repository_datacollection.png>
Package pdftex.def Info: images/repository_datacollection.png  used on input li
ne 2733.
(pdftex.def)             Requested size: 103.5012pt x 98.45749pt.

Underfull \vbox (badness 10000) has occurred while \output is active []

[84 <./images/central_repository.png>]
<images/workflow_prep1.png, id=1161, 258.7266pt x 176.3388pt>
File: images/workflow_prep1.png Graphic file (type png)
<use images/workflow_prep1.png>
Package pdftex.def Info: images/workflow_prep1.png  used on input line 2746.
(pdftex.def)             Requested size: 120.75272pt x 82.30074pt.
[85 <./images/repository_datacollection.png> <./images/workflow_prep1.png>]
<images/repository_analysis.png, id=1171, 474.573pt x 1160.1744pt>
File: images/repository_analysis.png Graphic file (type png)
<use images/repository_analysis.png>
Package pdftex.def Info: images/repository_analysis.png  used on input line 280
5.
(pdftex.def)             Requested size: 120.7502pt x 295.1944pt.
[86]
<images/workflow_analysis1.png, id=1181, 473.6094pt x 310.761pt>
File: images/workflow_analysis1.png Graphic file (type png)
<use images/workflow_analysis1.png>
Package pdftex.def Info: images/workflow_analysis1.png  used on input line 2817
.
(pdftex.def)             Requested size: 172.50104pt x 113.18735pt.

Underfull \vbox (badness 10000) has occurred while \output is active []

[87 <./images/repository_analysis.png>]
File: images/central_repository.png Graphic file (type png)
<use images/central_repository.png>
Package pdftex.def Info: images/central_repository.png  used on input line 2847
.
(pdftex.def)             Requested size: 206.9994pt x 152.14455pt.

Underfull \vbox (badness 10000) has occurred while \output is active []

[88 <./images/workflow_analysis1.png>]
<images/workflow_dialogue.png, id=1194, 590.205pt x 417.56pt>
File: images/workflow_dialogue.png Graphic file (type png)
<use images/workflow_dialogue.png>
Package pdftex.def Info: images/workflow_dialogue.png  used on input line 2873.

(pdftex.def)             Requested size: 206.99811pt x 146.44763pt.

Underfull \vbox (badness 10000) has occurred while \output is active []

[89]
<images/repository_type.png, id=1203, 1059.96pt x 1053.6966pt>
File: images/repository_type.png Graphic file (type png)
<use images/repository_type.png>
Package pdftex.def Info: images/repository_type.png  used on input line 2886.
(pdftex.def)             Requested size: 206.99057pt x 205.76746pt.
[90 <./images/workflow_dialogue.png> <./images/repository_type.png>] [91] [92

]
Chapter 8.
[93] [94] [95]
Underfull \hbox (badness 10000) in paragraph at lines 3060--3061
[]\T1/lmr/m/n/10 (+20) Mac: \T1/lmtt/m/n/10 ~/Users/jasontsukahara/Dropbox (GaT
ech)/My Work/Coding
 []

[96]
Underfull \hbox (badness 1728) in paragraph at lines 3062--3063
[]\T1/lmr/m/n/10 (+20) Windows: \T1/lmtt/m/n/10 C:\Users\jasontsukahara\Dropbox
 (GaTech)\My Work\Coding
 []


Overfull \hbox (22.49893pt too wide) in paragraph at lines 3068--3069
[]\T1/lmtt/m/n/10 ~/Users/jasontsukahara/Dropbox (GaTech)/My Work/Research Proj
ects/Cool
 []


Overfull \hbox (22.49893pt too wide) in paragraph at lines 3072--3073
[]\T1/lmtt/m/n/10 ~/Users/jasontsukahara/Dropbox (GaTech)/My Work/Research Proj
ects/Cool
 []

[97]
<images/rproj_open.png, id=1263, 263.98625pt x 456.70625pt>
File: images/rproj_open.png Graphic file (type png)
<use images/rproj_open.png>
Package pdftex.def Info: images/rproj_open.png  used on input line 3120.
(pdftex.def)             Requested size: 263.99364pt x 456.71906pt.

Underfull \vbox (badness 10000) has occurred while \output is active []

[98]
Underfull \vbox (badness 1648) has occurred while \output is active []

[99 <./images/rproj_open.png>]
Overfull \hbox (111.74867pt too wide) in paragraph at lines 3141--3141
[]\T1/lmtt/m/n/10 ## [1] "/Users/jtsukahara3/Dropbox (GaTech)/My Work/Coding Pr
ojects/R/Books/UseR_Guide"[] 
 []


Overfull \hbox (300.74812pt too wide) in paragraph at lines 3153--3153
[]\T1/lmtt/m/n/10 ## [1] "/Users/jtsukahara3/Dropbox (GaTech)/My Work/Coding Pr
ojects/R/Books/UseR_Guide/Data Files/Raw Data/flanker_raw.csv"[] 
 []


Overfull \hbox (300.74812pt too wide) in paragraph at lines 3165--3165
[]\T1/lmtt/m/n/10 ## [1] "/Users/jtsukahara3/Dropbox (GaTech)/My Work/Coding Pr
ojects/R/Books/UseR_Guide/Data Files/Raw Data/flanker_raw.csv"[] 
 []


Overfull \hbox (300.74812pt too wide) in paragraph at lines 3177--3177
[]\T1/lmtt/m/n/10 ## [1] "/Users/jtsukahara3/Dropbox (GaTech)/My Work/Coding Pr
ojects/R/Books/UseR_Guide/Data Files/Raw Data/flanker_raw.csv"[] 
 []

[100] [101] [102

]
Chapter 9.
File: images/workflow.png Graphic file (type png)
<use images/workflow.png>
Package pdftex.def Info: images/workflow.png  used on input line 3232.
(pdftex.def)             Requested size: 206.99905pt x 116.0542pt.
[103]
Overfull \hbox (21.1941pt too wide) in paragraph at lines 3254--3255
[]\T1/lmr/m/n/10 (-20) There are dif-fer-ent types of tem-plates you can down-l
oad us-ing \T1/lmtt/m/n/10 workflow::template()\T1/lmr/m/n/10 (-20) .
 []

File: images/workflow_prep1.png Graphic file (type png)
<use images/workflow_prep1.png>
Package pdftex.def Info: images/workflow_prep1.png  used on input line 3259.
(pdftex.def)             Requested size: 138.00084pt x 94.05644pt.
<images/repository_central.png, id=1302, 473.6094pt x 1160.1744pt>
File: images/repository_central.png Graphic file (type png)
<use images/repository_central.png>
Package pdftex.def Info: images/repository_central.png  used on input line 3265
.
(pdftex.def)             Requested size: 120.75073pt x 295.7963pt.

Underfull \vbox (badness 10000) has occurred while \output is active []

[104]
Overfull \vbox (0.93799pt too high) detected at line 3319
 []

[105 <./images/repository_central.png>] [106]
File: images/workflow_analysis1.png Graphic file (type png)
<use images/workflow_analysis1.png>
Package pdftex.def Info: images/workflow_analysis1.png  used on input line 3402
.
(pdftex.def)             Requested size: 155.25093pt x 101.86862pt.

Underfull \vbox (badness 10000) has occurred while \output is active []

[107]
File: images/repository_analysis.png Graphic file (type png)
<use images/repository_analysis.png>
Package pdftex.def Info: images/repository_analysis.png  used on input line 340
6.
(pdftex.def)             Requested size: 120.7502pt x 295.1944pt.
[108] [109] [110] [111] [112] [113] [114

] [115] [116] [117

]
<images/repository_type_collection.png, id=1406, 474.573pt x 1052.733pt>
File: images/repository_type_collection.png Graphic file (type png)
<use images/repository_type_collection.png>
Package pdftex.def Info: images/repository_type_collection.png  used on input l
ine 3726.
(pdftex.def)             Requested size: 103.5012pt x 229.59406pt.
[118 <./images/repository_type_collection.png>] [119] [120

]
<images/flanker_arrow.jpeg, id=1422, 411.5375pt x 154.5775pt>
File: images/flanker_arrow.jpeg Graphic file (type jpg)
<use images/flanker_arrow.jpeg>
Package pdftex.def Info: images/flanker_arrow.jpeg  used on input line 3746.
(pdftex.def)             Requested size: 411.21623pt x 154.4568pt.

Overfull \hbox (66.21623pt too wide) in paragraph at lines 3746--3746
 [] 
 []


Package hyperref Warning: Suppressing empty link on input line 3754.


Underfull \hbox (badness 1688) in paragraph at lines 3763--3764
[]\T1/lmr/m/n/10 (+20) Create the fol-low-ing di-rec-tory in the \T1/lmr/m/it/1
0 (+20) Data Col-lec-tion \T1/lmr/m/n/10 (+20) repos-i-tory:
 []

[121 <./images/flanker_arrow.jpeg>] [122]
Chapter 10.
[123

] [124]
Chapter 11.

Underfull \hbox (badness 1558) in paragraph at lines 3843--3844
\T1/lmr/m/n/10 (+20) The \T1/lmtt/m/n/10 files_bind() \T1/lmr/m/n/10 (+20) func
-tion comes from my \T1/lmtt/m/n/10 datawrangling \T1/lmr/m/n/10 (+20) To in-st
all
 []

[125

] [126]
Chapter 12.
File: images/workflow.png Graphic file (type png)
<use images/workflow.png>
Package pdftex.def Info: images/workflow.png  used on input line 3919.
(pdftex.def)             Requested size: 241.49889pt x 135.39656pt.
[127

] [128] [129] [130] [131]
Overfull \vbox (2.20322pt too high) detected at line 4214
 []

[132]
Underfull \vbox (badness 2165) has occurred while \output is active []

[133]
Underfull \vbox (badness 2980) has occurred while \output is active []

[134] [135] [136

] [137]

Package hyperref Warning: Suppressing empty link on input line 4382.

[138] [139] [140

] [141] [142]
File: images/workflow.png Graphic file (type png)
<use images/workflow.png>
Package pdftex.def Info: images/workflow.png  used on input line 4463.
(pdftex.def)             Requested size: 651.41188pt x 365.21465pt.

Overfull \hbox (306.41188pt too wide) in paragraph at lines 4463--4464
[] 
 []


Underfull \vbox (badness 2556) has occurred while \output is active []

[143

]
File: images/flanker_arrow.jpeg Graphic file (type jpg)
<use images/flanker_arrow.jpeg>
Package pdftex.def Info: images/flanker_arrow.jpeg  used on input line 4469.
(pdftex.def)             Requested size: 411.21623pt x 154.4568pt.

Overfull \hbox (66.21623pt too wide) in paragraph at lines 4469--4469
 [] 
 []

[144]
File: images/central_repository.png Graphic file (type png)
<use images/central_repository.png>
Package pdftex.def Info: images/central_repository.png  used on input line 4484
.
(pdftex.def)             Requested size: 206.9994pt x 152.14455pt.
[145]
File: images/repository_analysis.png Graphic file (type png)
<use images/repository_analysis.png>
Package pdftex.def Info: images/repository_analysis.png  used on input line 451
9.
(pdftex.def)             Requested size: 120.7502pt x 295.1944pt.

Underfull \vbox (badness 10000) has occurred while \output is active []

[146]
Underfull \hbox (badness 4608) in paragraph at lines 4528--4529
\T1/lmr/bx/n/10 Guide_DataCollection \T1/lmr/m/n/10 (+20) repos-i-tory. Copy th
e tidy raw data file,
 []


Package hyperref Warning: Suppressing empty link on input line 4536.

[147] [148] [149

] [150]
Chapter 13.
[151

] [152] [153] [154] [155] [156] [157] [158] [159] [160

]
Chapter 14.
[161] [162] [163] [164

]
File: images/workflow.png Graphic file (type png)
<use images/workflow.png>
Package pdftex.def Info: images/workflow.png  used on input line 5213.
(pdftex.def)             Requested size: 651.41188pt x 365.21465pt.

Overfull \hbox (306.41188pt too wide) in paragraph at lines 5213--5214
[][] 
 []


Underfull \vbox (badness 10000) has occurred while \output is active []

[165] [166] [167

] [168]
File: images/workflow.png Graphic file (type png)
<use images/workflow.png>
Package pdftex.def Info: images/workflow.png  used on input line 5231.
(pdftex.def)             Requested size: 651.41188pt x 365.21465pt.

Overfull \hbox (306.41188pt too wide) in paragraph at lines 5231--5232
[] 
 []


Underfull \vbox (badness 10000) has occurred while \output is active []

[169

]
Overfull \vbox (16.1173pt too high) has occurred while \output is active []

[170] [171] [172] [173] [174

]
Chapter 15.
<images/dataviz_general.png, id=1732, 668.4975pt x 386.44376pt>
File: images/dataviz_general.png Graphic file (type png)
<use images/dataviz_general.png>
Package pdftex.def Info: images/dataviz_general.png  used on input line 5326.
(pdftex.def)             Requested size: 668.49586pt x 386.44281pt.

Overfull \hbox (323.49586pt too wide) in paragraph at lines 5326--5327
[][] 
 []


Underfull \vbox (badness 10000) has occurred while \output is active []

[175]
<images/matrix_code.jpg, id=1739, 451.6875pt x 231.86626pt>
File: images/matrix_code.jpg Graphic file (type jpg)
<use images/matrix_code.jpg>
Package pdftex.def Info: images/matrix_code.jpg  used on input line 5339.
(pdftex.def)             Requested size: 451.69327pt x 231.8692pt.

Overfull \hbox (106.69327pt too wide) in paragraph at lines 5339--5340
[][] 
 []


Underfull \vbox (badness 10000) has occurred while \output is active []

[176 <./images/dataviz_general.png>]
<images/ge_essentials.png, id=1746, 849.1725pt x 289.08pt>
File: images/ge_essentials.png Graphic file (type png)
<use images/ge_essentials.png>
Package pdftex.def Info: images/ge_essentials.png  used on input line 5366.
(pdftex.def)             Requested size: 849.20929pt x 289.09251pt.

Overfull \hbox (504.20929pt too wide) in paragraph at lines 5366--5367
[][] 
 []


Underfull \vbox (badness 10000) has occurred while \output is active []

[177 <./images/matrix_code.jpg>]
File: images/hadley.jpeg Graphic file (type jpg)
<use images/hadley.jpeg>
Package pdftex.def Info: images/hadley.jpeg  used on input line 5375.
(pdftex.def)             Requested size: 461.72388pt x 461.72388pt.

Overfull \hbox (116.72388pt too wide) in paragraph at lines 5375--5376
[][] 
 []


Underfull \vbox (badness 10000) has occurred while \output is active []

[178 <./images/ge_essentials.png>] [179] [180

]
Chapter 16.
<images/ggplot2.jpg, id=1770, 866.23625pt x 1003.75pt>
File: images/ggplot2.jpg Graphic file (type jpg)
<use images/ggplot2.jpg>
Package pdftex.def Info: images/ggplot2.jpg  used on input line 5386.
(pdftex.def)             Requested size: 125.46225pt x 145.3792pt.
<images/ge_all.png, id=1771, 849.1725pt x 559.08875pt>
File: images/ge_all.png Graphic file (type png)
<use images/ge_all.png>
Package pdftex.def Info: images/ge_all.png  used on input line 5403.
(pdftex.def)             Requested size: 835.39679pt x 550.01892pt.

Overfull \hbox (490.39679pt too wide) in paragraph at lines 5403--5403
 [] 
 []


Underfull \vbox (badness 1112) has occurred while \output is active []

[181 <./images/ggplot2.jpg>] [182 <./images/ge_all.png>]
<images/ge_data.png, id=1785, 358.33875pt x 99.37125pt>
File: images/ge_data.png Graphic file (type png)
<use images/ge_data.png>
Package pdftex.def Info: images/ge_data.png  used on input line 5410.
(pdftex.def)             Requested size: 301.14465pt x 83.5107pt.
<EngleLab-UseR-Guide_files/figure-latex/unnamed-chunk-321-1.pdf, id=1786, 459.7
175pt x 315.1775pt>
File: EngleLab-UseR-Guide_files/figure-latex/unnamed-chunk-321-1.pdf Graphic fi
le (type pdf)
<use EngleLab-UseR-Guide_files/figure-latex/unnamed-chunk-321-1.pdf>
Package pdftex.def Info: EngleLab-UseR-Guide_files/figure-latex/unnamed-chunk-3
21-1.pdf  used on input line 5449.
(pdftex.def)             Requested size: 345.01875pt x 236.54124pt.

Underfull \vbox (badness 10000) has occurred while \output is active []

[183 <./images/ge_data.png>]
<images/ge_aes.png, id=1793, 434.62375pt x 149.55875pt>
File: images/ge_aes.png Graphic file (type png)
<use images/ge_aes.png>
Package pdftex.def Info: images/ge_aes.png  used on input line 5458.
(pdftex.def)             Requested size: 301.14412pt x 103.62695pt.
<EngleLab-UseR-Guide_files/figure-latex/unnamed-chunk-323-1.pdf, id=1794, 459.7
175pt x 316.18124pt>
File: EngleLab-UseR-Guide_files/figure-latex/unnamed-chunk-323-1.pdf Graphic fi
le (type pdf)
<use EngleLab-UseR-Guide_files/figure-latex/unnamed-chunk-323-1.pdf>
Package pdftex.def Info: EngleLab-UseR-Guide_files/figure-latex/unnamed-chunk-3
23-1.pdf  used on input line 5468.
(pdftex.def)             Requested size: 345.01875pt x 237.29456pt.

Underfull \vbox (badness 1701) has occurred while \output is active []

[184 <./EngleLab-UseR-Guide_files/figure-latex/unnamed-chunk-321-1.pdf> <./imag
es/ge_aes.png>]
<images/ge_geom.png, id=1806, 441.65pt x 154.5775pt>
File: images/ge_geom.png Graphic file (type png)
<use images/ge_geom.png>
Package pdftex.def Info: images/ge_geom.png  used on input line 5479.
(pdftex.def)             Requested size: 301.14018pt x 105.39905pt.
[185 <./EngleLab-UseR-Guide_files/figure-latex/unnamed-chunk-323-1.pdf> <./imag
es/ge_geom.png>]
<EngleLab-UseR-Guide_files/figure-latex/unnamed-chunk-326-1.pdf, id=1820, 459.7
175pt x 316.18124pt>
File: EngleLab-UseR-Guide_files/figure-latex/unnamed-chunk-326-1.pdf Graphic fi
le (type pdf)
<use EngleLab-UseR-Guide_files/figure-latex/unnamed-chunk-326-1.pdf>
Package pdftex.def Info: EngleLab-UseR-Guide_files/figure-latex/unnamed-chunk-3
26-1.pdf  used on input line 5499.
(pdftex.def)             Requested size: 345.01875pt x 237.29456pt.
<images/ge_facet.png, id=1821, 439.6425pt x 191.71625pt>
File: images/ge_facet.png Graphic file (type png)
<use images/ge_facet.png>
Package pdftex.def Info: images/ge_facet.png  used on input line 5512.
(pdftex.def)             Requested size: 301.13316pt x 131.31606pt.

Underfull \vbox (badness 7344) has occurred while \output is active []

[186 <./EngleLab-UseR-Guide_files/figure-latex/unnamed-chunk-326-1.pdf>]
<EngleLab-UseR-Guide_files/figure-latex/unnamed-chunk-328-1.pdf, id=1834, 459.7
175pt x 315.1775pt>
File: EngleLab-UseR-Guide_files/figure-latex/unnamed-chunk-328-1.pdf Graphic fi
le (type pdf)
<use EngleLab-UseR-Guide_files/figure-latex/unnamed-chunk-328-1.pdf>
Package pdftex.def Info: EngleLab-UseR-Guide_files/figure-latex/unnamed-chunk-3
28-1.pdf  used on input line 5526.
(pdftex.def)             Requested size: 345.01875pt x 236.54124pt.
<images/ge_stats.png, id=1835, 431.6125pt x 231.86626pt>
File: images/ge_stats.png Graphic file (type png)
<use images/ge_stats.png>
Package pdftex.def Info: images/ge_stats.png  used on input line 5533.
(pdftex.def)             Requested size: 301.13222pt x 161.77103pt.
[187 <./images/ge_facet.png> <./EngleLab-UseR-Guide_files/figure-latex/unnamed-
chunk-328-1.pdf>]
<EngleLab-UseR-Guide_files/figure-latex/unnamed-chunk-330-1.pdf, id=1850, 459.7
175pt x 316.18124pt>
File: EngleLab-UseR-Guide_files/figure-latex/unnamed-chunk-330-1.pdf Graphic fi
le (type pdf)
<use EngleLab-UseR-Guide_files/figure-latex/unnamed-chunk-330-1.pdf>
Package pdftex.def Info: EngleLab-UseR-Guide_files/figure-latex/unnamed-chunk-3
30-1.pdf  used on input line 5547.
(pdftex.def)             Requested size: 345.01875pt x 237.29456pt.
[188 <./images/ge_stats.png> <./EngleLab-UseR-Guide_files/figure-latex/unnamed-
chunk-330-1.pdf>]
<EngleLab-UseR-Guide_files/figure-latex/unnamed-chunk-331-1.pdf, id=1863, 459.7
175pt x 315.1775pt>
File: EngleLab-UseR-Guide_files/figure-latex/unnamed-chunk-331-1.pdf Graphic fi
le (type pdf)
<use EngleLab-UseR-Guide_files/figure-latex/unnamed-chunk-331-1.pdf>
Package pdftex.def Info: EngleLab-UseR-Guide_files/figure-latex/unnamed-chunk-3
31-1.pdf  used on input line 5558.
(pdftex.def)             Requested size: 345.01875pt x 236.54124pt.
<images/ge_coord.png, id=1864, 443.6575pt x 261.97874pt>
File: images/ge_coord.png Graphic file (type png)
<use images/ge_coord.png>
Package pdftex.def Info: images/ge_coord.png  used on input line 5565.
(pdftex.def)             Requested size: 301.12122pt x 177.8114pt.
[189 <./EngleLab-UseR-Guide_files/figure-latex/unnamed-chunk-331-1.pdf> <./imag
es/ge_coord.png>]
<EngleLab-UseR-Guide_files/figure-latex/unnamed-chunk-333-1.pdf, id=1878, 459.7
175pt x 318.18875pt>
File: EngleLab-UseR-Guide_files/figure-latex/unnamed-chunk-333-1.pdf Graphic fi
le (type pdf)
<use EngleLab-UseR-Guide_files/figure-latex/unnamed-chunk-333-1.pdf>
Package pdftex.def Info: EngleLab-UseR-Guide_files/figure-latex/unnamed-chunk-3
33-1.pdf  used on input line 5580.
(pdftex.def)             Requested size: 345.01875pt x 238.80118pt.
<EngleLab-UseR-Guide_files/figure-latex/unnamed-chunk-334-1.pdf, id=1879, 459.7
175pt x 315.1775pt>
File: EngleLab-UseR-Guide_files/figure-latex/unnamed-chunk-334-1.pdf Graphic fi
le (type pdf)
<use EngleLab-UseR-Guide_files/figure-latex/unnamed-chunk-334-1.pdf>
Package pdftex.def Info: EngleLab-UseR-Guide_files/figure-latex/unnamed-chunk-3
34-1.pdf  used on input line 5590.
(pdftex.def)             Requested size: 345.01875pt x 236.54124pt.

Underfull \vbox (badness 10000) has occurred while \output is active []

[190 <./EngleLab-UseR-Guide_files/figure-latex/unnamed-chunk-333-1.pdf>]
<EngleLab-UseR-Guide_files/figure-latex/unnamed-chunk-335-1.pdf, id=1892, 459.7
175pt x 315.1775pt>
File: EngleLab-UseR-Guide_files/figure-latex/unnamed-chunk-335-1.pdf Graphic fi
le (type pdf)
<use EngleLab-UseR-Guide_files/figure-latex/unnamed-chunk-335-1.pdf>
Package pdftex.def Info: EngleLab-UseR-Guide_files/figure-latex/unnamed-chunk-3
35-1.pdf  used on input line 5602.
(pdftex.def)             Requested size: 345.01875pt x 236.54124pt.
[191 <./EngleLab-UseR-Guide_files/figure-latex/unnamed-chunk-334-1.pdf> <./Engl
eLab-UseR-Guide_files/figure-latex/unnamed-chunk-335-1.pdf>]
<EngleLab-UseR-Guide_files/figure-latex/unnamed-chunk-336-1.pdf, id=1911, 459.7
175pt x 315.1775pt>
File: EngleLab-UseR-Guide_files/figure-latex/unnamed-chunk-336-1.pdf Graphic fi
le (type pdf)
<use EngleLab-UseR-Guide_files/figure-latex/unnamed-chunk-336-1.pdf>
Package pdftex.def Info: EngleLab-UseR-Guide_files/figure-latex/unnamed-chunk-3
36-1.pdf  used on input line 5613.
(pdftex.def)             Requested size: 345.01875pt x 236.54124pt.
<EngleLab-UseR-Guide_files/figure-latex/unnamed-chunk-337-1.pdf, id=1912, 459.7
175pt x 315.1775pt>
File: EngleLab-UseR-Guide_files/figure-latex/unnamed-chunk-337-1.pdf Graphic fi
le (type pdf)
<use EngleLab-UseR-Guide_files/figure-latex/unnamed-chunk-337-1.pdf>
Package pdftex.def Info: EngleLab-UseR-Guide_files/figure-latex/unnamed-chunk-3
37-1.pdf  used on input line 5624.
(pdftex.def)             Requested size: 345.01875pt x 236.54124pt.

Underfull \vbox (badness 10000) has occurred while \output is active []

[192 <./EngleLab-UseR-Guide_files/figure-latex/unnamed-chunk-336-1.pdf>]
<images/ge_themes.png, id=1924, 494.84875pt x 331.2375pt>
File: images/ge_themes.png Graphic file (type png)
<use images/ge_themes.png>
Package pdftex.def Info: images/ge_themes.png  used on input line 5637.
(pdftex.def)             Requested size: 301.12488pt x 201.5643pt.

Underfull \vbox (badness 10000) has occurred while \output is active []

[193 <./EngleLab-UseR-Guide_files/figure-latex/unnamed-chunk-337-1.pdf>]
<images/theme_elements.png, id=1938, 925.4575pt x 489.83pt>
File: images/theme_elements.png Graphic file (type png)
<use images/theme_elements.png>
Package pdftex.def Info: images/theme_elements.png  used on input line 5643.
(pdftex.def)             Requested size: 301.12315pt x 159.37971pt.
[194 <./images/ge_themes.png> <./images/theme_elements.png>]
<images/element_func.png, id=1945, 555.07375pt x 281.05pt>
File: images/element_func.png Graphic file (type png)
<use images/element_func.png>
Package pdftex.def Info: images/element_func.png  used on input line 5658.
(pdftex.def)             Requested size: 301.12439pt x 152.46803pt.
<EngleLab-UseR-Guide_files/figure-latex/unnamed-chunk-341-1.pdf, id=1946, 460.7
2125pt x 315.1775pt>
File: EngleLab-UseR-Guide_files/figure-latex/unnamed-chunk-341-1.pdf Graphic fi
le (type pdf)
<use EngleLab-UseR-Guide_files/figure-latex/unnamed-chunk-341-1.pdf>
Package pdftex.def Info: EngleLab-UseR-Guide_files/figure-latex/unnamed-chunk-3
41-1.pdf  used on input line 5672.
(pdftex.def)             Requested size: 344.99878pt x 236.01222pt.
[195 <./images/element_func.png> <./EngleLab-UseR-Guide_files/figure-latex/unna
med-chunk-341-1.pdf>]
<EngleLab-UseR-Guide_files/figure-latex/unnamed-chunk-342-1.pdf, id=1959, 460.7
2125pt x 315.1775pt>
File: EngleLab-UseR-Guide_files/figure-latex/unnamed-chunk-342-1.pdf Graphic fi
le (type pdf)
<use EngleLab-UseR-Guide_files/figure-latex/unnamed-chunk-342-1.pdf>
Package pdftex.def Info: EngleLab-UseR-Guide_files/figure-latex/unnamed-chunk-3
42-1.pdf  used on input line 5686.
(pdftex.def)             Requested size: 344.99878pt x 236.01222pt.
<EngleLab-UseR-Guide_files/figure-latex/unnamed-chunk-343-1.pdf, id=1960, 460.7
2125pt x 315.1775pt>
File: EngleLab-UseR-Guide_files/figure-latex/unnamed-chunk-343-1.pdf Graphic fi
le (type pdf)
<use EngleLab-UseR-Guide_files/figure-latex/unnamed-chunk-343-1.pdf>
Package pdftex.def Info: EngleLab-UseR-Guide_files/figure-latex/unnamed-chunk-3
43-1.pdf  used on input line 5705.
(pdftex.def)             Requested size: 344.99878pt x 236.01222pt.

Underfull \vbox (badness 10000) has occurred while \output is active []

[196 <./EngleLab-UseR-Guide_files/figure-latex/unnamed-chunk-342-1.pdf>]
<EngleLab-UseR-Guide_files/figure-latex/unnamed-chunk-344-1.pdf, id=1972, 459.7
175pt x 315.1775pt>
File: EngleLab-UseR-Guide_files/figure-latex/unnamed-chunk-344-1.pdf Graphic fi
le (type pdf)
<use EngleLab-UseR-Guide_files/figure-latex/unnamed-chunk-344-1.pdf>
Package pdftex.def Info: EngleLab-UseR-Guide_files/figure-latex/unnamed-chunk-3
44-1.pdf  used on input line 5723.
(pdftex.def)             Requested size: 345.01875pt x 236.54124pt.

Underfull \vbox (badness 10000) has occurred while \output is active []

[197 <./EngleLab-UseR-Guide_files/figure-latex/unnamed-chunk-343-1.pdf>] [198 <
./EngleLab-UseR-Guide_files/figure-latex/unnamed-chunk-344-1.pdf>]
Chapter 17.
<images/stat_func.png, id=1998, 460.72125pt x 561.09625pt>
File: images/stat_func.png Graphic file (type png)
<use images/stat_func.png>
Package pdftex.def Info: images/stat_func.png  used on input line 5783.
(pdftex.def)             Requested size: 200.74956pt x 244.48586pt.

Underfull \vbox (badness 10000) has occurred while \output is active []

[199

]
<EngleLab-UseR-Guide_files/figure-latex/unnamed-chunk-352-1.pdf, id=2005, 453.6
95pt x 316.18124pt>
File: EngleLab-UseR-Guide_files/figure-latex/unnamed-chunk-352-1.pdf Graphic fi
le (type pdf)
<use EngleLab-UseR-Guide_files/figure-latex/unnamed-chunk-352-1.pdf>
Package pdftex.def Info: EngleLab-UseR-Guide_files/figure-latex/unnamed-chunk-3
52-1.pdf  used on input line 5795.
(pdftex.def)             Requested size: 344.9987pt x 240.4305pt.

Underfull \vbox (badness 10000) has occurred while \output is active []

[200 <./images/stat_func.png>]
<EngleLab-UseR-Guide_files/figure-latex/unnamed-chunk-353-1.pdf, id=2011, 453.6
95pt x 315.1775pt>
File: EngleLab-UseR-Guide_files/figure-latex/unnamed-chunk-353-1.pdf Graphic fi
le (type pdf)
<use EngleLab-UseR-Guide_files/figure-latex/unnamed-chunk-353-1.pdf>
Package pdftex.def Info: EngleLab-UseR-Guide_files/figure-latex/unnamed-chunk-3
53-1.pdf  used on input line 5809.
(pdftex.def)             Requested size: 344.9987pt x 239.66724pt.

Underfull \vbox (badness 10000) has occurred while \output is active []

[201 <./EngleLab-UseR-Guide_files/figure-latex/unnamed-chunk-352-1.pdf>] [202 <
./EngleLab-UseR-Guide_files/figure-latex/unnamed-chunk-353-1.pdf>]
<EngleLab-UseR-Guide_files/figure-latex/unnamed-chunk-354-1.pdf, id=2037, 459.7
175pt x 318.18875pt>
File: EngleLab-UseR-Guide_files/figure-latex/unnamed-chunk-354-1.pdf Graphic fi
le (type pdf)
<use EngleLab-UseR-Guide_files/figure-latex/unnamed-chunk-354-1.pdf>
Package pdftex.def Info: EngleLab-UseR-Guide_files/figure-latex/unnamed-chunk-3
54-1.pdf  used on input line 5840.
(pdftex.def)             Requested size: 345.01875pt x 238.80118pt.
[203 <./EngleLab-UseR-Guide_files/figure-latex/unnamed-chunk-354-1.pdf>] [204

]
Chapter 18.
[205]
<EngleLab-UseR-Guide_files/figure-latex/unnamed-chunk-360-1.pdf, id=2060, 459.7
175pt x 313.17pt>
File: EngleLab-UseR-Guide_files/figure-latex/unnamed-chunk-360-1.pdf Graphic fi
le (type pdf)
<use EngleLab-UseR-Guide_files/figure-latex/unnamed-chunk-360-1.pdf>
Package pdftex.def Info: EngleLab-UseR-Guide_files/figure-latex/unnamed-chunk-3
60-1.pdf  used on input line 5899.
(pdftex.def)             Requested size: 345.01875pt x 235.0346pt.
<EngleLab-UseR-Guide_files/figure-latex/unnamed-chunk-361-1.pdf, id=2061, 459.7
175pt x 313.17pt>
File: EngleLab-UseR-Guide_files/figure-latex/unnamed-chunk-361-1.pdf Graphic fi
le (type pdf)
<use EngleLab-UseR-Guide_files/figure-latex/unnamed-chunk-361-1.pdf>
Package pdftex.def Info: EngleLab-UseR-Guide_files/figure-latex/unnamed-chunk-3
61-1.pdf  used on input line 5912.
(pdftex.def)             Requested size: 345.01875pt x 235.0346pt.

Underfull \vbox (badness 10000) has occurred while \output is active []

[206 <./EngleLab-UseR-Guide_files/figure-latex/unnamed-chunk-360-1.pdf>]
<EngleLab-UseR-Guide_files/figure-latex/unnamed-chunk-362-1.pdf, id=2073, 459.7
175pt x 313.17pt>
File: EngleLab-UseR-Guide_files/figure-latex/unnamed-chunk-362-1.pdf Graphic fi
le (type pdf)
<use EngleLab-UseR-Guide_files/figure-latex/unnamed-chunk-362-1.pdf>
Package pdftex.def Info: EngleLab-UseR-Guide_files/figure-latex/unnamed-chunk-3
62-1.pdf  used on input line 5928.
(pdftex.def)             Requested size: 345.01875pt x 235.0346pt.

Underfull \vbox (badness 10000) has occurred while \output is active []

[207 <./EngleLab-UseR-Guide_files/figure-latex/unnamed-chunk-361-1.pdf>]
<EngleLab-UseR-Guide_files/figure-latex/unnamed-chunk-363-1.pdf, id=2086, 459.7
175pt x 313.17pt>
File: EngleLab-UseR-Guide_files/figure-latex/unnamed-chunk-363-1.pdf Graphic fi
le (type pdf)
<use EngleLab-UseR-Guide_files/figure-latex/unnamed-chunk-363-1.pdf>
Package pdftex.def Info: EngleLab-UseR-Guide_files/figure-latex/unnamed-chunk-3
63-1.pdf  used on input line 5939.
(pdftex.def)             Requested size: 345.01875pt x 235.0346pt.

Underfull \vbox (badness 10000) has occurred while \output is active []

[208 <./EngleLab-UseR-Guide_files/figure-latex/unnamed-chunk-362-1.pdf>]
<EngleLab-UseR-Guide_files/figure-latex/unnamed-chunk-364-1.pdf, id=2098, 459.7
175pt x 313.17pt>
File: EngleLab-UseR-Guide_files/figure-latex/unnamed-chunk-364-1.pdf Graphic fi
le (type pdf)
<use EngleLab-UseR-Guide_files/figure-latex/unnamed-chunk-364-1.pdf>
Package pdftex.def Info: EngleLab-UseR-Guide_files/figure-latex/unnamed-chunk-3
64-1.pdf  used on input line 5960.
(pdftex.def)             Requested size: 345.01875pt x 235.0346pt.

Underfull \vbox (badness 10000) has occurred while \output is active []

[209 <./EngleLab-UseR-Guide_files/figure-latex/unnamed-chunk-363-1.pdf>]
<EngleLab-UseR-Guide_files/figure-latex/unnamed-chunk-365-1.pdf, id=2110, 459.7
175pt x 313.17pt>
File: EngleLab-UseR-Guide_files/figure-latex/unnamed-chunk-365-1.pdf Graphic fi
le (type pdf)
<use EngleLab-UseR-Guide_files/figure-latex/unnamed-chunk-365-1.pdf>
Package pdftex.def Info: EngleLab-UseR-Guide_files/figure-latex/unnamed-chunk-3
65-1.pdf  used on input line 5976.
(pdftex.def)             Requested size: 345.01875pt x 235.0346pt.

Underfull \vbox (badness 10000) has occurred while \output is active []

[210 <./EngleLab-UseR-Guide_files/figure-latex/unnamed-chunk-364-1.pdf>]
<EngleLab-UseR-Guide_files/figure-latex/unnamed-chunk-366-1.pdf, id=2122, 459.7
175pt x 313.17pt>
File: EngleLab-UseR-Guide_files/figure-latex/unnamed-chunk-366-1.pdf Graphic fi
le (type pdf)
<use EngleLab-UseR-Guide_files/figure-latex/unnamed-chunk-366-1.pdf>
Package pdftex.def Info: EngleLab-UseR-Guide_files/figure-latex/unnamed-chunk-3
66-1.pdf  used on input line 5993.
(pdftex.def)             Requested size: 345.01875pt x 235.0346pt.

Underfull \vbox (badness 10000) has occurred while \output is active []

[211 <./EngleLab-UseR-Guide_files/figure-latex/unnamed-chunk-365-1.pdf>] [212 <
./EngleLab-UseR-Guide_files/figure-latex/unnamed-chunk-366-1.pdf>]
<EngleLab-UseR-Guide_files/figure-latex/unnamed-chunk-367-1.pdf, id=2155, 453.6
95pt x 313.17pt>
File: EngleLab-UseR-Guide_files/figure-latex/unnamed-chunk-367-1.pdf Graphic fi
le (type pdf)
<use EngleLab-UseR-Guide_files/figure-latex/unnamed-chunk-367-1.pdf>
Package pdftex.def Info: EngleLab-UseR-Guide_files/figure-latex/unnamed-chunk-3
67-1.pdf  used on input line 6040.
(pdftex.def)             Requested size: 344.9987pt x 238.14069pt.
[213 <./EngleLab-UseR-Guide_files/figure-latex/unnamed-chunk-367-1.pdf>]
<EngleLab-UseR-Guide_files/figure-latex/unnamed-chunk-368-1.pdf, id=2173, 453.6
95pt x 313.17pt>
File: EngleLab-UseR-Guide_files/figure-latex/unnamed-chunk-368-1.pdf Graphic fi
le (type pdf)
<use EngleLab-UseR-Guide_files/figure-latex/unnamed-chunk-368-1.pdf>
Package pdftex.def Info: EngleLab-UseR-Guide_files/figure-latex/unnamed-chunk-3
68-1.pdf  used on input line 6066.
(pdftex.def)             Requested size: 344.9987pt x 238.14069pt.
[214 <./EngleLab-UseR-Guide_files/figure-latex/unnamed-chunk-368-1.pdf>]
Chapter 19.
[215

] [216

]
Chapter 20.
[217] [218

]
Chapter 21.
[219] [220

] [221] [222]
File: images/workflow.png Graphic file (type png)
<use images/workflow.png>
Package pdftex.def Info: images/workflow.png  used on input line 6119.
(pdftex.def)             Requested size: 651.41188pt x 365.21465pt.

Overfull \hbox (306.41188pt too wide) in paragraph at lines 6119--6120
[] 
 []


Underfull \vbox (badness 10000) has occurred while \output is active []

[223

]
Overfull \vbox (16.1173pt too high) has occurred while \output is active []

[224] [225] [226] [227] [228

]
Chapter 22.
[229] [230

]
Chapter 23.
<images/cfa_example.png, id=2278, 487.8225pt x 646.415pt>
File: images/cfa_example.png Graphic file (type png)
<use images/cfa_example.png>
Package pdftex.def Info: images/cfa_example.png  used on input line 6257.
(pdftex.def)             Requested size: 137.9962pt x 182.85916pt.
[231] [232 <./images/cfa_example.png>] [233]
Overfull \hbox (1.499pt too wide) in paragraph at lines 6425--6425
[]\T1/lmtt/m/n/10 ##                    Estimate  Std.Err  z-value  P(>|z|)   S
td.lv[] 
 []


Overfull \hbox (1.499pt too wide) in paragraph at lines 6425--6425
[]\T1/lmtt/m/n/10 ##     x1                1.000                               
0.900[] 
 []


Overfull \hbox (1.499pt too wide) in paragraph at lines 6425--6425
[]\T1/lmtt/m/n/10 ##     x2                0.554    0.100    5.554    0.000    
0.498[] 
 []


Overfull \hbox (1.499pt too wide) in paragraph at lines 6425--6425
[]\T1/lmtt/m/n/10 ##     x3                0.729    0.109    6.685    0.000    
0.656[] 
 []


Overfull \hbox (1.499pt too wide) in paragraph at lines 6425--6425
[]\T1/lmtt/m/n/10 ##     x4                1.000                               
0.990[] 
 []


Overfull \hbox (1.499pt too wide) in paragraph at lines 6425--6425
[]\T1/lmtt/m/n/10 ##     x5                1.113    0.065   17.014    0.000    
1.102[] 
 []


Overfull \hbox (1.499pt too wide) in paragraph at lines 6425--6425
[]\T1/lmtt/m/n/10 ##     x6                0.926    0.055   16.703    0.000    
0.917[] 
 []


Overfull \hbox (1.499pt too wide) in paragraph at lines 6425--6425
[]\T1/lmtt/m/n/10 ##     x7                1.000                               
0.619[] 
 []


Overfull \hbox (1.499pt too wide) in paragraph at lines 6425--6425
[]\T1/lmtt/m/n/10 ##     x8                1.180    0.165    7.152    0.000    
0.731[] 
 []


Overfull \hbox (1.499pt too wide) in paragraph at lines 6425--6425
[]\T1/lmtt/m/n/10 ##     x9                1.082    0.151    7.155    0.000    
0.670[] 
 []


Overfull \hbox (1.499pt too wide) in paragraph at lines 6425--6425
[]\T1/lmtt/m/n/10 ##                    Estimate  Std.Err  z-value  P(>|z|)   S
td.lv[] 
 []


Overfull \hbox (1.499pt too wide) in paragraph at lines 6425--6425
[]\T1/lmtt/m/n/10 ##     textual           0.408    0.074    5.552    0.000    
0.459[] 
 []


Overfull \hbox (1.499pt too wide) in paragraph at lines 6425--6425
[]\T1/lmtt/m/n/10 ##     speed             0.262    0.056    4.660    0.000    
0.471[] 
 []

[234]
Overfull \hbox (1.499pt too wide) in paragraph at lines 6425--6425
[]\T1/lmtt/m/n/10 ##     speed             0.173    0.049    3.518    0.000    
0.283[] 
 []


Overfull \hbox (1.499pt too wide) in paragraph at lines 6425--6425
[]\T1/lmtt/m/n/10 ##                    Estimate  Std.Err  z-value  P(>|z|)   S
td.lv[] 
 []


Overfull \hbox (1.499pt too wide) in paragraph at lines 6425--6425
[]\T1/lmtt/m/n/10 ##    .x1                0.549    0.114    4.833    0.000    
0.549[] 
 []


Overfull \hbox (1.499pt too wide) in paragraph at lines 6425--6425
[]\T1/lmtt/m/n/10 ##    .x2                1.134    0.102   11.146    0.000    
1.134[] 
 []


Overfull \hbox (1.499pt too wide) in paragraph at lines 6425--6425
[]\T1/lmtt/m/n/10 ##    .x3                0.844    0.091    9.317    0.000    
0.844[] 
 []


Overfull \hbox (1.499pt too wide) in paragraph at lines 6425--6425
[]\T1/lmtt/m/n/10 ##    .x4                0.371    0.048    7.779    0.000    
0.371[] 
 []


Overfull \hbox (1.499pt too wide) in paragraph at lines 6425--6425
[]\T1/lmtt/m/n/10 ##    .x5                0.446    0.058    7.642    0.000    
0.446[] 
 []


Overfull \hbox (1.499pt too wide) in paragraph at lines 6425--6425
[]\T1/lmtt/m/n/10 ##    .x6                0.356    0.043    8.277    0.000    
0.356[] 
 []


Overfull \hbox (1.499pt too wide) in paragraph at lines 6425--6425
[]\T1/lmtt/m/n/10 ##    .x7                0.799    0.081    9.823    0.000    
0.799[] 
 []


Overfull \hbox (1.499pt too wide) in paragraph at lines 6425--6425
[]\T1/lmtt/m/n/10 ##    .x8                0.488    0.074    6.573    0.000    
0.488[] 
 []


Overfull \hbox (1.499pt too wide) in paragraph at lines 6425--6425
[]\T1/lmtt/m/n/10 ##    .x9                0.566    0.071    8.003    0.000    
0.566[] 
 []


Overfull \hbox (1.499pt too wide) in paragraph at lines 6425--6425
[]\T1/lmtt/m/n/10 ##     visual            0.809    0.145    5.564    0.000    
1.000[] 
 []


Overfull \hbox (1.499pt too wide) in paragraph at lines 6425--6425
[]\T1/lmtt/m/n/10 ##     textual           0.979    0.112    8.737    0.000    
1.000[] 
 []


Overfull \hbox (1.499pt too wide) in paragraph at lines 6425--6425
[]\T1/lmtt/m/n/10 ##     speed             0.384    0.086    4.451    0.000    
1.000[] 
 []


Underfull \vbox (badness 10000) has occurred while \output is active []

[235]

Package hyperref Warning: Suppressing empty link on input line 6440.

[236]
<images/sem_example.png, id=2318, 596.2275pt x 584.1825pt>
File: images/sem_example.png Graphic file (type png)
<use images/sem_example.png>
Package pdftex.def Info: images/sem_example.png  used on input line 6521.
(pdftex.def)             Requested size: 206.99968pt x 202.81786pt.
[237 <./images/sem_example.png>]
Underfull \vbox (badness 1158) has occurred while \output is active []

[238] [239] [240] [241] [242] [243] [244]
<EngleLab-UseR-Guide_files/figure-latex/unnamed-chunk-405-1.pdf, id=2355, 400.4
9625pt x 234.8775pt>
File: EngleLab-UseR-Guide_files/figure-latex/unnamed-chunk-405-1.pdf Graphic fi
le (type pdf)
<use EngleLab-UseR-Guide_files/figure-latex/unnamed-chunk-405-1.pdf>
Package pdftex.def Info: EngleLab-UseR-Guide_files/figure-latex/unnamed-chunk-4
05-1.pdf  used on input line 7031.
(pdftex.def)             Requested size: 345.01894pt x 202.34193pt.

Underfull \vbox (badness 3884) has occurred while \output is active []

[245] [246 <./EngleLab-UseR-Guide_files/figure-latex/unnamed-chunk-405-1.pdf>] 
[247] [248] [249] [250] [251] [252] [253] [254]
<EngleLab-UseR-Guide_files/figure-latex/unnamed-chunk-411-1.pdf, id=2407, 419.5
675pt x 234.8775pt>
File: EngleLab-UseR-Guide_files/figure-latex/unnamed-chunk-411-1.pdf Graphic fi
le (type pdf)
<use EngleLab-UseR-Guide_files/figure-latex/unnamed-chunk-411-1.pdf>
Package pdftex.def Info: EngleLab-UseR-Guide_files/figure-latex/unnamed-chunk-4
11-1.pdf  used on input line 7610.
(pdftex.def)             Requested size: 345.00148pt x 193.1348pt.
Package atveryend Info: Empty hook `BeforeClearDocument' on input line 7618.
[255 <./EngleLab-UseR-Guide_files/figure-latex/unnamed-chunk-411-1.pdf>]
Package atveryend Info: Empty hook `AfterLastShipout' on input line 7618.
(./EngleLab-UseR-Guide.aux)
Package atveryend Info: Executing hook `AtVeryEndDocument' on input line 7618.
Package atveryend Info: Executing hook `AtEndAfterFileList' on input line 7618.

Package rerunfilecheck Info: File `EngleLab-UseR-Guide.out' has not changed.
(rerunfilecheck)             Checksum: 4F337478C612B2BC716A1140F296D144;18004.

LaTeX Warning: There were multiply-defined labels.

 ) 
Here is how much of TeX's memory you used:
 14052 strings out of 492616
 213383 string characters out of 6128982
 302578 words of memory out of 5000000
 16910 multiletter control sequences out of 15000+600000
 84491 words of font info for 149 fonts, out of 8000000 for 9000
 1141 hyphenation exceptions out of 8191
 35i,6n,38p,868b,459s stack positions out of 5000i,500n,10000p,200000b,80000s
{/usr/local/texlive/2018/texmf-dist/fonts/enc/dvips/lm/lm-ts1.enc}{/usr/local
/texlive/2018/texmf-dist/fonts/enc/dvips/lm/lm-ec.enc}</usr/local/texlive/2018/
texmf-dist/fonts/type1/public/lm/lmbx10.pfb></usr/local/texlive/2018/texmf-dist
/fonts/type1/public/lm/lmbx12.pfb></usr/local/texlive/2018/texmf-dist/fonts/typ
e1/public/lm/lmbxi10.pfb></usr/local/texlive/2018/texmf-dist/fonts/type1/public
/lm/lmr10.pfb></usr/local/texlive/2018/texmf-dist/fonts/type1/public/lm/lmr12.p
fb></usr/local/texlive/2018/texmf-dist/fonts/type1/public/lm/lmr17.pfb></usr/lo
cal/texlive/2018/texmf-dist/fonts/type1/public/lm/lmri10.pfb></usr/local/texliv
e/2018/texmf-dist/fonts/type1/public/lm/lmro10.pfb></usr/local/texlive/2018/tex
mf-dist/fonts/type1/public/lm/lmtk10.pfb></usr/local/texlive/2018/texmf-dist/fo
nts/type1/public/lm/lmtt10.pfb></usr/local/texlive/2018/texmf-dist/fonts/type1/
public/lm/lmtti10.pfb></usr/local/texlive/2018/texmf-dist/fonts/type1/public/lm
/lmtto10.pfb>
Output written on EngleLab-UseR-Guide.pdf (255 pages, 6201615 bytes).
PDF statistics:
 2620 PDF objects out of 2984 (max. 8388607)
 2163 compressed objects within 22 object streams
 696 named destinations out of 1000 (max. 500000)
 15695 words of extra memory for PDF output out of 17280 (max. 10000000)

